[0.088s] Invoking command in '/home/robotica/Robotica/Proyecto Final/src/build/group_15': CMAKE_PREFIX_PATH=/opt/ros/humble /usr/bin/cmake /home/robotica/Robotica/Proyecto Final/src/group_15 -DCMAKE_INSTALL_PREFIX=/home/robotica/Robotica/Proyecto Final/src/install/group_15
[0.171s] -- Found ament_cmake: 1.3.3 (/opt/ros/humble/share/ament_cmake/cmake)
[0.576s] -- Found rosidl_default_generators: 1.2.0 (/opt/ros/humble/share/rosidl_default_generators/cmake)
[0.587s] -- Using all available rosidl_typesupport_c: rosidl_typesupport_fastrtps_c;rosidl_typesupport_introspection_c
[0.593s] -- Found rosidl_adapter: 3.1.4 (/opt/ros/humble/share/rosidl_adapter/cmake)
[0.654s] -- Using all available rosidl_typesupport_cpp: rosidl_typesupport_fastrtps_cpp;rosidl_typesupport_introspection_cpp
[1.355s] [31mCMake Error at /opt/ros/humble/share/rosidl_adapter/cmake/rosidl_adapt_interfaces.cmake:59 (message):
[1.360s]   execute_process(/usr/bin/python3.10 -m rosidl_adapter --package-name
[1.364s]   group_15 --arguments-file /home/robotica/Robotica/Proyecto
[1.368s]   Final/src/build/group_15/rosidl_adapter__arguments__group_15.json
[1.374s]   --output-dir /home/robotica/Robotica/Proyecto
[1.385s]   Final/src/build/group_15/rosidl_adapter/group_15 --output-file
[1.394s]   /home/robotica/Robotica/Proyecto
[1.397s]   Final/src/build/group_15/rosidl_adapter/group_15.idls) returned error code
[1.399s]   1:
[1.408s] 
[1.415s]   Traceback (most recent call last):
[1.417s] 
[1.420s]     File "/usr/lib/python3.10/runpy.py", line 196, in _run_module_as_main
[1.424s]       return _run_code(code, main_globals, None,
[1.430s]     File "/usr/lib/python3.10/runpy.py", line 86, in _run_code
[1.437s]       exec(code, run_globals)
[1.457s]     File "/opt/ros/humble/local/lib/python3.10/dist-packages/rosidl_adapter/__main__.py", line 19, in <module>
[1.463s]       sys.exit(main())
[1.467s]     File "/opt/ros/humble/local/lib/python3.10/dist-packages/rosidl_adapter/main.py", line 53, in main
[1.470s]       abs_idl_file = convert_to_idl(
[1.474s]     File "/opt/ros/humble/local/lib/python3.10/dist-packages/rosidl_adapter/__init__.py", line 24, in convert_to_idl
[1.480s]       return convert_srv_to_idl(
[1.482s]     File "/opt/ros/humble/local/lib/python3.10/dist-packages/rosidl_adapter/srv/__init__.py", line 28, in convert_srv_to_idl
[1.496s]       srv = parse_service_string(package_name, input_file.stem, content)
[1.503s]     File "/opt/ros/humble/local/lib/python3.10/dist-packages/rosidl_adapter/parser.py", line 859, in parse_service_string
[1.506s]       request_message = parse_message_string(
[1.509s]     File "/opt/ros/humble/local/lib/python3.10/dist-packages/rosidl_adapter/parser.py", line 544, in parse_message_string
[1.512s]       msg = MessageSpecification(pkg_name, msg_name, fields, constants)
[1.517s]     File "/opt/ros/humble/local/lib/python3.10/dist-packages/rosidl_adapter/parser.py", line 388, in __init__
[1.521s]       self.base_type = BaseType(
[1.524s]     File "/opt/ros/humble/local/lib/python3.10/dist-packages/rosidl_adapter/parser.py", line 205, in __init__
[1.527s]       raise InvalidResourceName(
[1.530s] 
[1.533s]   rosidl_adapter.parser.InvalidResourceName:
[1.536s]   'start_navigation_test_srv_Request' is an invalid message name.  It should
[1.543s]   have the pattern '^[A-Z][A-Za-z0-9]*$'
[1.545s] 
[1.546s] Call Stack (most recent call first):
[1.548s]   /opt/ros/humble/share/rosidl_cmake/cmake/rosidl_generate_interfaces.cmake:130 (rosidl_adapt_interfaces)
[1.550s]   CMakeLists.txt:12 (rosidl_generate_interfaces)
[1.557s] 
[1.559s] [0m
[1.567s] -- Configuring incomplete, errors occurred!
[1.569s] See also "/home/robotica/Robotica/Proyecto Final/src/build/group_15/CMakeFiles/CMakeOutput.log".
[1.571s] Invoked command in '/home/robotica/Robotica/Proyecto Final/src/build/group_15' returned '1': CMAKE_PREFIX_PATH=/opt/ros/humble /usr/bin/cmake /home/robotica/Robotica/Proyecto Final/src/group_15 -DCMAKE_INSTALL_PREFIX=/home/robotica/Robotica/Proyecto Final/src/install/group_15
