[0.180s] Invoking command in '/home/robotica/Robotica/Proyecto Final/src/build/group_15': CMAKE_PREFIX_PATH=/opt/ros/humble /usr/bin/cmake /home/robotica/Robotica/Proyecto Final/src/group_15 -DCMAKE_INSTALL_PREFIX=/home/robotica/Robotica/Proyecto Final/src/install/group_15
[0.552s] -- The C compiler identification is GNU 11.3.0
[0.985s] -- The CXX compiler identification is GNU 11.3.0
[1.053s] -- Detecting C compiler ABI info
[1.853s] -- Detecting C compiler ABI info - done
[1.888s] -- Check for working C compiler: /usr/bin/cc - skipped
[1.901s] -- Detecting C compile features
[1.909s] -- Detecting C compile features - done
[1.942s] -- Detecting CXX compiler ABI info
[2.701s] -- Detecting CXX compiler ABI info - done
[2.759s] -- Check for working CXX compiler: /usr/bin/c++ - skipped
[2.764s] -- Detecting CXX compile features
[2.768s] -- Detecting CXX compile features - done
[2.806s] -- Found ament_cmake: 1.3.3 (/opt/ros/humble/share/ament_cmake/cmake)
[3.201s] -- Found Python3: /usr/bin/python3.10 (found version "3.10.6") found components: Interpreter 
[3.512s] -- Found rosidl_default_generators: 1.2.0 (/opt/ros/humble/share/rosidl_default_generators/cmake)
[3.522s] -- Using all available rosidl_typesupport_c: rosidl_typesupport_fastrtps_c;rosidl_typesupport_introspection_c
[3.539s] -- Found rosidl_adapter: 3.1.4 (/opt/ros/humble/share/rosidl_adapter/cmake)
[3.639s] -- Using all available rosidl_typesupport_cpp: rosidl_typesupport_fastrtps_cpp;rosidl_typesupport_introspection_cpp
[4.473s] [31mCMake Error at /opt/ros/humble/share/rosidl_adapter/cmake/rosidl_adapt_interfaces.cmake:59 (message):
[4.479s]   execute_process(/usr/bin/python3.10 -m rosidl_adapter --package-name
[4.485s]   group_15 --arguments-file /home/robotica/Robotica/Proyecto
[4.490s]   Final/src/build/group_15/rosidl_adapter__arguments__group_15.json
[4.496s]   --output-dir /home/robotica/Robotica/Proyecto
[4.501s]   Final/src/build/group_15/rosidl_adapter/group_15 --output-file
[4.505s]   /home/robotica/Robotica/Proyecto
[4.513s]   Final/src/build/group_15/rosidl_adapter/group_15.idls) returned error code
[4.517s]   1:
[4.521s] 
[4.535s]   Traceback (most recent call last):
[4.544s] 
[4.552s]     File "/usr/lib/python3.10/runpy.py", line 196, in _run_module_as_main
[4.555s]       return _run_code(code, main_globals, None,
[4.575s]     File "/usr/lib/python3.10/runpy.py", line 86, in _run_code
[4.584s]       exec(code, run_globals)
[4.588s]     File "/opt/ros/humble/local/lib/python3.10/dist-packages/rosidl_adapter/__main__.py", line 19, in <module>
[4.593s]       sys.exit(main())
[4.597s]     File "/opt/ros/humble/local/lib/python3.10/dist-packages/rosidl_adapter/main.py", line 53, in main
[4.602s]       abs_idl_file = convert_to_idl(
[4.604s]     File "/opt/ros/humble/local/lib/python3.10/dist-packages/rosidl_adapter/__init__.py", line 24, in convert_to_idl
[4.612s]       return convert_srv_to_idl(
[4.616s]     File "/opt/ros/humble/local/lib/python3.10/dist-packages/rosidl_adapter/srv/__init__.py", line 28, in convert_srv_to_idl
[4.620s]       srv = parse_service_string(package_name, input_file.stem, content)
[4.634s]     File "/opt/ros/humble/local/lib/python3.10/dist-packages/rosidl_adapter/parser.py", line 850, in parse_service_string
[4.640s]       raise InvalidServiceSpecification(
[4.647s] 
[4.651s]   rosidl_adapter.parser.InvalidServiceSpecification: Could not find separator
[4.667s]   '---' between request and response
[4.671s] 
[4.681s] Call Stack (most recent call first):
[4.689s]   /opt/ros/humble/share/rosidl_cmake/cmake/rosidl_generate_interfaces.cmake:130 (rosidl_adapt_interfaces)
[4.693s]   CMakeLists.txt:16 (rosidl_generate_interfaces)
[4.700s] 
[4.704s] [0m
[4.712s] -- Configuring incomplete, errors occurred!
[4.718s] See also "/home/robotica/Robotica/Proyecto Final/src/build/group_15/CMakeFiles/CMakeOutput.log".
[4.721s] Invoked command in '/home/robotica/Robotica/Proyecto Final/src/build/group_15' returned '1': CMAKE_PREFIX_PATH=/opt/ros/humble /usr/bin/cmake /home/robotica/Robotica/Proyecto Final/src/group_15 -DCMAKE_INSTALL_PREFIX=/home/robotica/Robotica/Proyecto Final/src/install/group_15
