[0.094s] Invoking command in '/home/robotica/Robotica/Proyecto Final/build/group_15': CMAKE_PREFIX_PATH=/opt/ros/humble /usr/bin/cmake /home/robotica/Robotica/Proyecto Final/group_15 -DCMAKE_INSTALL_PREFIX=/home/robotica/Robotica/Proyecto Final/install/group_15
[0.140s] -- Found ament_cmake: 1.3.3 (/opt/ros/humble/share/ament_cmake/cmake)
[0.494s] -- Found rosidl_default_generators: 1.2.0 (/opt/ros/humble/share/rosidl_default_generators/cmake)
[0.502s] -- Using all available rosidl_typesupport_c: rosidl_typesupport_fastrtps_c;rosidl_typesupport_introspection_c
[0.510s] -- Found rosidl_adapter: 3.1.4 (/opt/ros/humble/share/rosidl_adapter/cmake)
[0.567s] -- Using all available rosidl_typesupport_cpp: rosidl_typesupport_fastrtps_cpp;rosidl_typesupport_introspection_cpp
[1.283s] [31mCMake Error at /opt/ros/humble/share/rosidl_adapter/cmake/rosidl_adapt_interfaces.cmake:59 (message):
[1.289s]   execute_process(/usr/bin/python3.10 -m rosidl_adapter --package-name
[1.293s]   group_15 --arguments-file /home/robotica/Robotica/Proyecto
[1.295s]   Final/build/group_15/rosidl_adapter__arguments__group_15.json --output-dir
[1.297s]   /home/robotica/Robotica/Proyecto
[1.301s]   Final/build/group_15/rosidl_adapter/group_15 --output-file
[1.305s]   /home/robotica/Robotica/Proyecto
[1.309s]   Final/build/group_15/rosidl_adapter/group_15.idls) returned error code 1:
[1.313s] 
[1.315s]   Traceback (most recent call last):
[1.323s] 
[1.325s]     File "/usr/lib/python3.10/runpy.py", line 196, in _run_module_as_main
[1.329s]       return _run_code(code, main_globals, None,
[1.340s]     File "/usr/lib/python3.10/runpy.py", line 86, in _run_code
[1.342s]       exec(code, run_globals)
[1.346s]     File "/opt/ros/humble/local/lib/python3.10/dist-packages/rosidl_adapter/__main__.py", line 19, in <module>
[1.347s]       sys.exit(main())
[1.350s]     File "/opt/ros/humble/local/lib/python3.10/dist-packages/rosidl_adapter/main.py", line 53, in main
[1.354s]       abs_idl_file = convert_to_idl(
[1.356s]     File "/opt/ros/humble/local/lib/python3.10/dist-packages/rosidl_adapter/__init__.py", line 24, in convert_to_idl
[1.357s]       return convert_srv_to_idl(
[1.359s]     File "/opt/ros/humble/local/lib/python3.10/dist-packages/rosidl_adapter/srv/__init__.py", line 28, in convert_srv_to_idl
[1.365s]       srv = parse_service_string(package_name, input_file.stem, content)
[1.371s]     File "/opt/ros/humble/local/lib/python3.10/dist-packages/rosidl_adapter/parser.py", line 859, in parse_service_string
[1.378s]       request_message = parse_message_string(
[1.400s]     File "/opt/ros/humble/local/lib/python3.10/dist-packages/rosidl_adapter/parser.py", line 544, in parse_message_string
[1.408s]       msg = MessageSpecification(pkg_name, msg_name, fields, constants)
[1.412s]     File "/opt/ros/humble/local/lib/python3.10/dist-packages/rosidl_adapter/parser.py", line 388, in __init__
[1.415s]       self.base_type = BaseType(
[1.422s]     File "/opt/ros/humble/local/lib/python3.10/dist-packages/rosidl_adapter/parser.py", line 205, in __init__
[1.427s]       raise InvalidResourceName(
[1.430s] 
[1.436s]   rosidl_adapter.parser.InvalidResourceName:
[1.443s]   'start_manipulation_test_srv_Request' is an invalid message name.  It
[1.454s]   should have the pattern '^[A-Z][A-Za-z0-9]*$'
[1.461s] 
[1.468s] Call Stack (most recent call first):
[1.485s]   /opt/ros/humble/share/rosidl_cmake/cmake/rosidl_generate_interfaces.cmake:130 (rosidl_adapt_interfaces)
[1.496s]   CMakeLists.txt:17 (rosidl_generate_interfaces)
[1.503s] 
[1.505s] [0m
[1.510s] -- Configuring incomplete, errors occurred!
[1.524s] See also "/home/robotica/Robotica/Proyecto Final/build/group_15/CMakeFiles/CMakeOutput.log".
[1.527s] Invoked command in '/home/robotica/Robotica/Proyecto Final/build/group_15' returned '1': CMAKE_PREFIX_PATH=/opt/ros/humble /usr/bin/cmake /home/robotica/Robotica/Proyecto Final/group_15 -DCMAKE_INSTALL_PREFIX=/home/robotica/Robotica/Proyecto Final/install/group_15
