-- The C compiler identification is GNU 11.3.0
-- The CXX compiler identification is GNU 11.3.0
-- Detecting C compiler ABI info
-- Detecting C compiler ABI info - done
-- Check for working C compiler: /usr/bin/cc - skipped
-- Detecting C compile features
-- Detecting C compile features - done
-- Detecting CXX compiler ABI info
-- Detecting CXX compiler ABI info - done
-- Check for working CXX compiler: /usr/bin/c++ - skipped
-- Detecting CXX compile features
-- Detecting CXX compile features - done
-- Found ament_cmake: 1.3.3 (/opt/ros/humble/share/ament_cmake/cmake)
-- Found Python3: /usr/bin/python3.10 (found version "3.10.6") found components: Interpreter 
-- Found rosidl_default_generators: 1.2.0 (/opt/ros/humble/share/rosidl_default_generators/cmake)
-- Using all available rosidl_typesupport_c: rosidl_typesupport_fastrtps_c;rosidl_typesupport_introspection_c
-- Found rosidl_adapter: 3.1.4 (/opt/ros/humble/share/rosidl_adapter/cmake)
-- Using all available rosidl_typesupport_cpp: rosidl_typesupport_fastrtps_cpp;rosidl_typesupport_introspection_cpp
-- Found ament_cmake_ros: 0.10.0 (/opt/ros/humble/share/ament_cmake_ros/cmake)
-- Using all available rosidl_typesupport_c: rosidl_typesupport_fastrtps_c;rosidl_typesupport_introspection_c
-- Using all available rosidl_typesupport_cpp: rosidl_typesupport_fastrtps_cpp;rosidl_typesupport_introspection_cpp
-- Found PythonInterp: /usr/bin/python3 (found suitable version "3.10.6", minimum required is "3.6") 
-- Found python_cmake_module: 0.10.0 (/opt/ros/humble/share/python_cmake_module/cmake)
-- Found PythonLibs: /usr/lib/x86_64-linux-gnu/libpython3.10.so (found suitable version "3.10.6", minimum required is "3.5") 
-- Using PYTHON_EXECUTABLE: /usr/bin/python3
-- Using PYTHON_INCLUDE_DIRS: /usr/include/python3.10
-- Using PYTHON_LIBRARIES: /usr/lib/x86_64-linux-gnu/libpython3.10.so
-- Found PythonExtra: .so  
-- Configuring done
-- Generating done
-- Build files have been written to: /home/robotica/Robotica/Proyecto Final/src/build/group_15
[  2%] [34m[1mGenerating C++ code for ROS interfaces[0m
[  2%] Built target group_15__cpp
[  2%] Built target ament_cmake_python_copy_group_15
[  4%] [34m[1mGenerating C++ type support for eProsima Fast-RTPS[0m
[  6%] [32mBuilding CXX object CMakeFiles/group_15__rosidl_typesupport_fastrtps_cpp.dir/rosidl_typesupport_fastrtps_cpp/group_15/srv/detail/dds_fastrtps/start_manipulation_test__type_support.cpp.o[0m
[  8%] [32mBuilding CXX object CMakeFiles/group_15__rosidl_typesupport_fastrtps_cpp.dir/rosidl_typesupport_fastrtps_cpp/group_15/srv/detail/dds_fastrtps/start_perception_test__type_support.cpp.o[0m
[ 10%] [32mBuilding CXX object CMakeFiles/group_15__rosidl_typesupport_fastrtps_cpp.dir/rosidl_typesupport_fastrtps_cpp/group_15/srv/detail/dds_fastrtps/start_navigation_test__type_support.cpp.o[0m
[ 12%] [32m[1mLinking CXX shared library libgroup_15__rosidl_typesupport_fastrtps_cpp.so[0m
[ 12%] Built target group_15__rosidl_typesupport_fastrtps_cpp
[ 14%] [34m[1mGenerating C++ introspection for ROS interfaces[0m
[ 17%] [32mBuilding CXX object CMakeFiles/group_15__rosidl_typesupport_introspection_cpp.dir/rosidl_typesupport_introspection_cpp/group_15/srv/detail/start_manipulation_test__type_support.cpp.o[0m
[ 19%] [32mBuilding CXX object CMakeFiles/group_15__rosidl_typesupport_introspection_cpp.dir/rosidl_typesupport_introspection_cpp/group_15/srv/detail/start_perception_test__type_support.cpp.o[0m
[ 21%] [32mBuilding CXX object CMakeFiles/group_15__rosidl_typesupport_introspection_cpp.dir/rosidl_typesupport_introspection_cpp/group_15/srv/detail/start_navigation_test__type_support.cpp.o[0m
[ 23%] [32m[1mLinking CXX shared library libgroup_15__rosidl_typesupport_introspection_cpp.so[0m
[ 23%] Built target group_15__rosidl_typesupport_introspection_cpp
running egg_info
creating group_15.egg-info
writing group_15.egg-info/PKG-INFO
writing dependency_links to group_15.egg-info/dependency_links.txt
writing top-level names to group_15.egg-info/top_level.txt
writing manifest file 'group_15.egg-info/SOURCES.txt'
reading manifest file 'group_15.egg-info/SOURCES.txt'
writing manifest file 'group_15.egg-info/SOURCES.txt'
[ 23%] Built target ament_cmake_python_build_group_15_egg
[ 25%] [34m[1mGenerating C++ type support dispatch for ROS interfaces[0m
[ 27%] [32mBuilding CXX object CMakeFiles/group_15__rosidl_typesupport_cpp.dir/rosidl_typesupport_cpp/group_15/srv/start_manipulation_test__type_support.cpp.o[0m
[ 29%] [32mBuilding CXX object CMakeFiles/group_15__rosidl_typesupport_cpp.dir/rosidl_typesupport_cpp/group_15/srv/start_navigation_test__type_support.cpp.o[0m
[ 31%] [32mBuilding CXX object CMakeFiles/group_15__rosidl_typesupport_cpp.dir/rosidl_typesupport_cpp/group_15/srv/start_perception_test__type_support.cpp.o[0m
[ 34%] [32m[1mLinking CXX shared library libgroup_15__rosidl_typesupport_cpp.so[0m
[ 34%] Built target group_15__rosidl_typesupport_cpp
[ 36%] [34m[1mGenerating C code for ROS interfaces[0m
[ 38%] [32mBuilding C object CMakeFiles/group_15__rosidl_generator_c.dir/rosidl_generator_c/group_15/srv/detail/start_manipulation_test__functions.c.o[0m
[ 40%] [32mBuilding C object CMakeFiles/group_15__rosidl_generator_c.dir/rosidl_generator_c/group_15/srv/detail/start_navigation_test__functions.c.o[0m
[ 42%] [32mBuilding C object CMakeFiles/group_15__rosidl_generator_c.dir/rosidl_generator_c/group_15/srv/detail/start_perception_test__functions.c.o[0m
[ 44%] [32m[1mLinking C shared library libgroup_15__rosidl_generator_c.so[0m
[ 44%] Built target group_15__rosidl_generator_c
[ 46%] [34m[1mGenerating C type support for eProsima Fast-RTPS[0m
[ 48%] [32mBuilding CXX object CMakeFiles/group_15__rosidl_typesupport_fastrtps_c.dir/rosidl_typesupport_fastrtps_c/group_15/srv/detail/start_manipulation_test__type_support_c.cpp.o[0m
[ 51%] [32mBuilding CXX object CMakeFiles/group_15__rosidl_typesupport_fastrtps_c.dir/rosidl_typesupport_fastrtps_c/group_15/srv/detail/start_perception_test__type_support_c.cpp.o[0m
[ 53%] [32mBuilding CXX object CMakeFiles/group_15__rosidl_typesupport_fastrtps_c.dir/rosidl_typesupport_fastrtps_c/group_15/srv/detail/start_navigation_test__type_support_c.cpp.o[0m
[ 55%] [32m[1mLinking CXX shared library libgroup_15__rosidl_typesupport_fastrtps_c.so[0m
[ 55%] Built target group_15__rosidl_typesupport_fastrtps_c
[ 57%] [34m[1mGenerating C type support dispatch for ROS interfaces[0m
[ 59%] [32mBuilding CXX object CMakeFiles/group_15__rosidl_typesupport_c.dir/rosidl_typesupport_c/group_15/srv/start_manipulation_test__type_support.cpp.o[0m
[ 61%] [32mBuilding CXX object CMakeFiles/group_15__rosidl_typesupport_c.dir/rosidl_typesupport_c/group_15/srv/start_navigation_test__type_support.cpp.o[0m
[ 63%] [32mBuilding CXX object CMakeFiles/group_15__rosidl_typesupport_c.dir/rosidl_typesupport_c/group_15/srv/start_perception_test__type_support.cpp.o[0m
[ 65%] [32m[1mLinking CXX shared library libgroup_15__rosidl_typesupport_c.so[0m
[ 65%] Built target group_15__rosidl_typesupport_c
[ 68%] [34m[1mGenerating C introspection for ROS interfaces[0m
[ 70%] [32mBuilding C object CMakeFiles/group_15__rosidl_typesupport_introspection_c.dir/rosidl_typesupport_introspection_c/group_15/srv/detail/start_manipulation_test__type_support.c.o[0m
[ 72%] [32mBuilding C object CMakeFiles/group_15__rosidl_typesupport_introspection_c.dir/rosidl_typesupport_introspection_c/group_15/srv/detail/start_navigation_test__type_support.c.o[0m
[ 74%] [32mBuilding C object CMakeFiles/group_15__rosidl_typesupport_introspection_c.dir/rosidl_typesupport_introspection_c/group_15/srv/detail/start_perception_test__type_support.c.o[0m
[ 76%] [32m[1mLinking C shared library libgroup_15__rosidl_typesupport_introspection_c.so[0m
[ 76%] Built target group_15__rosidl_typesupport_introspection_c
[ 76%] Built target group_15
[ 78%] [34m[1mGenerating Python code for ROS interfaces[0m
[ 78%] Built target group_15__py
[ 80%] [32mBuilding C object CMakeFiles/group_15__rosidl_generator_py.dir/rosidl_generator_py/group_15/srv/_start_manipulation_test_s.c.o[0m
[ 82%] [32mBuilding C object CMakeFiles/group_15__rosidl_generator_py.dir/rosidl_generator_py/group_15/srv/_start_navigation_test_s.c.o[0m
[ 85%] [32mBuilding C object CMakeFiles/group_15__rosidl_generator_py.dir/rosidl_generator_py/group_15/srv/_start_perception_test_s.c.o[0m
[ 87%] [32m[1mLinking C shared library rosidl_generator_py/group_15/libgroup_15__rosidl_generator_py.so[0m
[ 87%] Built target group_15__rosidl_generator_py
[ 89%] [32mBuilding C object CMakeFiles/group_15__rosidl_typesupport_fastrtps_c__pyext.dir/rosidl_generator_py/group_15/_group_15_s.ep.rosidl_typesupport_fastrtps_c.c.o[0m
[ 91%] [32m[1mLinking C shared library rosidl_generator_py/group_15/group_15_s__rosidl_typesupport_fastrtps_c.cpython-310-x86_64-linux-gnu.so[0m
[ 91%] Built target group_15__rosidl_typesupport_fastrtps_c__pyext
[ 93%] [32mBuilding C object CMakeFiles/group_15__rosidl_typesupport_c__pyext.dir/rosidl_generator_py/group_15/_group_15_s.ep.rosidl_typesupport_c.c.o[0m
[ 95%] [32m[1mLinking C shared library rosidl_generator_py/group_15/group_15_s__rosidl_typesupport_c.cpython-310-x86_64-linux-gnu.so[0m
[ 95%] Built target group_15__rosidl_typesupport_c__pyext
[ 97%] [32mBuilding C object CMakeFiles/group_15__rosidl_typesupport_introspection_c__pyext.dir/rosidl_generator_py/group_15/_group_15_s.ep.rosidl_typesupport_introspection_c.c.o[0m
[100%] [32m[1mLinking C shared library rosidl_generator_py/group_15/group_15_s__rosidl_typesupport_introspection_c.cpython-310-x86_64-linux-gnu.so[0m
[100%] Built target group_15__rosidl_typesupport_introspection_c__pyext
-- Install configuration: ""
-- Installing: /home/robotica/Robotica/Proyecto Final/src/install/group_15/share/ament_index/resource_index/rosidl_interfaces/group_15
-- Installing: /home/robotica/Robotica/Proyecto Final/src/install/group_15/include/group_15/group_15
-- Installing: /home/robotica/Robotica/Proyecto Final/src/install/group_15/include/group_15/group_15/msg
-- Installing: /home/robotica/Robotica/Proyecto Final/src/install/group_15/include/group_15/group_15/msg/rosidl_generator_c__visibility_control.h
-- Installing: /home/robotica/Robotica/Proyecto Final/src/install/group_15/include/group_15/group_15/srv
-- Installing: /home/robotica/Robotica/Proyecto Final/src/install/group_15/include/group_15/group_15/srv/detail
-- Installing: /home/robotica/Robotica/Proyecto Final/src/install/group_15/include/group_15/group_15/srv/detail/start_manipulation_test__functions.c
-- Installing: /home/robotica/Robotica/Proyecto Final/src/install/group_15/include/group_15/group_15/srv/detail/start_manipulation_test__functions.h
-- Installing: /home/robotica/Robotica/Proyecto Final/src/install/group_15/include/group_15/group_15/srv/detail/start_manipulation_test__struct.h
-- Installing: /home/robotica/Robotica/Proyecto Final/src/install/group_15/include/group_15/group_15/srv/detail/start_manipulation_test__type_support.h
-- Installing: /home/robotica/Robotica/Proyecto Final/src/install/group_15/include/group_15/group_15/srv/detail/start_navigation_test__functions.c
-- Installing: /home/robotica/Robotica/Proyecto Final/src/install/group_15/include/group_15/group_15/srv/detail/start_navigation_test__functions.h
-- Installing: /home/robotica/Robotica/Proyecto Final/src/install/group_15/include/group_15/group_15/srv/detail/start_navigation_test__struct.h
-- Installing: /home/robotica/Robotica/Proyecto Final/src/install/group_15/include/group_15/group_15/srv/detail/start_navigation_test__type_support.h
-- Installing: /home/robotica/Robotica/Proyecto Final/src/install/group_15/include/group_15/group_15/srv/detail/start_perception_test__functions.c
-- Installing: /home/robotica/Robotica/Proyecto Final/src/install/group_15/include/group_15/group_15/srv/detail/start_perception_test__functions.h
-- Installing: /home/robotica/Robotica/Proyecto Final/src/install/group_15/include/group_15/group_15/srv/detail/start_perception_test__struct.h
-- Installing: /home/robotica/Robotica/Proyecto Final/src/install/group_15/include/group_15/group_15/srv/detail/start_perception_test__type_support.h
-- Installing: /home/robotica/Robotica/Proyecto Final/src/install/group_15/include/group_15/group_15/srv/start_manipulation_test.h
-- Installing: /home/robotica/Robotica/Proyecto Final/src/install/group_15/include/group_15/group_15/srv/start_navigation_test.h
-- Installing: /home/robotica/Robotica/Proyecto Final/src/install/group_15/include/group_15/group_15/srv/start_perception_test.h
-- Installing: /home/robotica/Robotica/Proyecto Final/src/install/group_15/share/group_15/environment/library_path.sh
-- Installing: /home/robotica/Robotica/Proyecto Final/src/install/group_15/share/group_15/environment/library_path.dsv
-- Installing: /home/robotica/Robotica/Proyecto Final/src/install/group_15/lib/libgroup_15__rosidl_generator_c.so
-- Set runtime path of "/home/robotica/Robotica/Proyecto Final/src/install/group_15/lib/libgroup_15__rosidl_generator_c.so" to ""
-- Up-to-date: /home/robotica/Robotica/Proyecto Final/src/install/group_15/include/group_15/group_15
-- Up-to-date: /home/robotica/Robotica/Proyecto Final/src/install/group_15/include/group_15/group_15/msg
-- Installing: /home/robotica/Robotica/Proyecto Final/src/install/group_15/include/group_15/group_15/msg/rosidl_typesupport_fastrtps_c__visibility_control.h
-- Up-to-date: /home/robotica/Robotica/Proyecto Final/src/install/group_15/include/group_15/group_15/srv
-- Up-to-date: /home/robotica/Robotica/Proyecto Final/src/install/group_15/include/group_15/group_15/srv/detail
-- Installing: /home/robotica/Robotica/Proyecto Final/src/install/group_15/include/group_15/group_15/srv/detail/start_manipulation_test__rosidl_typesupport_fastrtps_c.h
-- Installing: /home/robotica/Robotica/Proyecto Final/src/install/group_15/include/group_15/group_15/srv/detail/start_navigation_test__rosidl_typesupport_fastrtps_c.h
-- Installing: /home/robotica/Robotica/Proyecto Final/src/install/group_15/include/group_15/group_15/srv/detail/start_perception_test__rosidl_typesupport_fastrtps_c.h
-- Installing: /home/robotica/Robotica/Proyecto Final/src/install/group_15/lib/libgroup_15__rosidl_typesupport_fastrtps_c.so
-- Set runtime path of "/home/robotica/Robotica/Proyecto Final/src/install/group_15/lib/libgroup_15__rosidl_typesupport_fastrtps_c.so" to ""
-- Up-to-date: /home/robotica/Robotica/Proyecto Final/src/install/group_15/include/group_15/group_15
-- Up-to-date: /home/robotica/Robotica/Proyecto Final/src/install/group_15/include/group_15/group_15/msg
-- Installing: /home/robotica/Robotica/Proyecto Final/src/install/group_15/include/group_15/group_15/msg/rosidl_typesupport_introspection_c__visibility_control.h
-- Up-to-date: /home/robotica/Robotica/Proyecto Final/src/install/group_15/include/group_15/group_15/srv
-- Up-to-date: /home/robotica/Robotica/Proyecto Final/src/install/group_15/include/group_15/group_15/srv/detail
-- Installing: /home/robotica/Robotica/Proyecto Final/src/install/group_15/include/group_15/group_15/srv/detail/start_manipulation_test__rosidl_typesupport_introspection_c.h
-- Installing: /home/robotica/Robotica/Proyecto Final/src/install/group_15/include/group_15/group_15/srv/detail/start_manipulation_test__type_support.c
-- Installing: /home/robotica/Robotica/Proyecto Final/src/install/group_15/include/group_15/group_15/srv/detail/start_navigation_test__rosidl_typesupport_introspection_c.h
-- Installing: /home/robotica/Robotica/Proyecto Final/src/install/group_15/include/group_15/group_15/srv/detail/start_navigation_test__type_support.c
-- Installing: /home/robotica/Robotica/Proyecto Final/src/install/group_15/include/group_15/group_15/srv/detail/start_perception_test__rosidl_typesupport_introspection_c.h
-- Installing: /home/robotica/Robotica/Proyecto Final/src/install/group_15/include/group_15/group_15/srv/detail/start_perception_test__type_support.c
-- Installing: /home/robotica/Robotica/Proyecto Final/src/install/group_15/lib/libgroup_15__rosidl_typesupport_introspection_c.so
-- Set runtime path of "/home/robotica/Robotica/Proyecto Final/src/install/group_15/lib/libgroup_15__rosidl_typesupport_introspection_c.so" to ""
-- Installing: /home/robotica/Robotica/Proyecto Final/src/install/group_15/lib/libgroup_15__rosidl_typesupport_c.so
-- Set runtime path of "/home/robotica/Robotica/Proyecto Final/src/install/group_15/lib/libgroup_15__rosidl_typesupport_c.so" to ""
-- Up-to-date: /home/robotica/Robotica/Proyecto Final/src/install/group_15/include/group_15/group_15
-- Up-to-date: /home/robotica/Robotica/Proyecto Final/src/install/group_15/include/group_15/group_15/srv
-- Up-to-date: /home/robotica/Robotica/Proyecto Final/src/install/group_15/include/group_15/group_15/srv/detail
-- Installing: /home/robotica/Robotica/Proyecto Final/src/install/group_15/include/group_15/group_15/srv/detail/start_manipulation_test__builder.hpp
-- Installing: /home/robotica/Robotica/Proyecto Final/src/install/group_15/include/group_15/group_15/srv/detail/start_manipulation_test__struct.hpp
-- Installing: /home/robotica/Robotica/Proyecto Final/src/install/group_15/include/group_15/group_15/srv/detail/start_manipulation_test__traits.hpp
-- Installing: /home/robotica/Robotica/Proyecto Final/src/install/group_15/include/group_15/group_15/srv/detail/start_navigation_test__builder.hpp
-- Installing: /home/robotica/Robotica/Proyecto Final/src/install/group_15/include/group_15/group_15/srv/detail/start_navigation_test__struct.hpp
-- Installing: /home/robotica/Robotica/Proyecto Final/src/install/group_15/include/group_15/group_15/srv/detail/start_navigation_test__traits.hpp
-- Installing: /home/robotica/Robotica/Proyecto Final/src/install/group_15/include/group_15/group_15/srv/detail/start_perception_test__builder.hpp
-- Installing: /home/robotica/Robotica/Proyecto Final/src/install/group_15/include/group_15/group_15/srv/detail/start_perception_test__struct.hpp
-- Installing: /home/robotica/Robotica/Proyecto Final/src/install/group_15/include/group_15/group_15/srv/detail/start_perception_test__traits.hpp
-- Installing: /home/robotica/Robotica/Proyecto Final/src/install/group_15/include/group_15/group_15/srv/start_manipulation_test.hpp
-- Installing: /home/robotica/Robotica/Proyecto Final/src/install/group_15/include/group_15/group_15/srv/start_navigation_test.hpp
-- Installing: /home/robotica/Robotica/Proyecto Final/src/install/group_15/include/group_15/group_15/srv/start_perception_test.hpp
-- Up-to-date: /home/robotica/Robotica/Proyecto Final/src/install/group_15/include/group_15/group_15
-- Up-to-date: /home/robotica/Robotica/Proyecto Final/src/install/group_15/include/group_15/group_15/msg
-- Installing: /home/robotica/Robotica/Proyecto Final/src/install/group_15/include/group_15/group_15/msg/rosidl_typesupport_fastrtps_cpp__visibility_control.h
-- Up-to-date: /home/robotica/Robotica/Proyecto Final/src/install/group_15/include/group_15/group_15/srv
-- Up-to-date: /home/robotica/Robotica/Proyecto Final/src/install/group_15/include/group_15/group_15/srv/detail
-- Installing: /home/robotica/Robotica/Proyecto Final/src/install/group_15/include/group_15/group_15/srv/detail/dds_fastrtps
-- Installing: /home/robotica/Robotica/Proyecto Final/src/install/group_15/include/group_15/group_15/srv/detail/start_manipulation_test__rosidl_typesupport_fastrtps_cpp.hpp
-- Installing: /home/robotica/Robotica/Proyecto Final/src/install/group_15/include/group_15/group_15/srv/detail/start_navigation_test__rosidl_typesupport_fastrtps_cpp.hpp
-- Installing: /home/robotica/Robotica/Proyecto Final/src/install/group_15/include/group_15/group_15/srv/detail/start_perception_test__rosidl_typesupport_fastrtps_cpp.hpp
-- Installing: /home/robotica/Robotica/Proyecto Final/src/install/group_15/lib/libgroup_15__rosidl_typesupport_fastrtps_cpp.so
-- Set runtime path of "/home/robotica/Robotica/Proyecto Final/src/install/group_15/lib/libgroup_15__rosidl_typesupport_fastrtps_cpp.so" to ""
-- Up-to-date: /home/robotica/Robotica/Proyecto Final/src/install/group_15/include/group_15/group_15
-- Up-to-date: /home/robotica/Robotica/Proyecto Final/src/install/group_15/include/group_15/group_15/srv
-- Up-to-date: /home/robotica/Robotica/Proyecto Final/src/install/group_15/include/group_15/group_15/srv/detail
-- Installing: /home/robotica/Robotica/Proyecto Final/src/install/group_15/include/group_15/group_15/srv/detail/start_manipulation_test__rosidl_typesupport_introspection_cpp.hpp
-- Installing: /home/robotica/Robotica/Proyecto Final/src/install/group_15/include/group_15/group_15/srv/detail/start_manipulation_test__type_support.cpp
-- Installing: /home/robotica/Robotica/Proyecto Final/src/install/group_15/include/group_15/group_15/srv/detail/start_navigation_test__rosidl_typesupport_introspection_cpp.hpp
-- Installing: /home/robotica/Robotica/Proyecto Final/src/install/group_15/include/group_15/group_15/srv/detail/start_navigation_test__type_support.cpp
-- Installing: /home/robotica/Robotica/Proyecto Final/src/install/group_15/include/group_15/group_15/srv/detail/start_perception_test__rosidl_typesupport_introspection_cpp.hpp
-- Installing: /home/robotica/Robotica/Proyecto Final/src/install/group_15/include/group_15/group_15/srv/detail/start_perception_test__type_support.cpp
-- Installing: /home/robotica/Robotica/Proyecto Final/src/install/group_15/lib/libgroup_15__rosidl_typesupport_introspection_cpp.so
-- Set runtime path of "/home/robotica/Robotica/Proyecto Final/src/install/group_15/lib/libgroup_15__rosidl_typesupport_introspection_cpp.so" to ""
-- Installing: /home/robotica/Robotica/Proyecto Final/src/install/group_15/lib/libgroup_15__rosidl_typesupport_cpp.so
-- Set runtime path of "/home/robotica/Robotica/Proyecto Final/src/install/group_15/lib/libgroup_15__rosidl_typesupport_cpp.so" to ""
-- Installing: /home/robotica/Robotica/Proyecto Final/src/install/group_15/share/group_15/environment/pythonpath.sh
-- Installing: /home/robotica/Robotica/Proyecto Final/src/install/group_15/share/group_15/environment/pythonpath.dsv
-- Installing: /home/robotica/Robotica/Proyecto Final/src/install/group_15/local/lib/python3.10/dist-packages/group_15-0.0.0-py3.10.egg-info
-- Installing: /home/robotica/Robotica/Proyecto Final/src/install/group_15/local/lib/python3.10/dist-packages/group_15-0.0.0-py3.10.egg-info/dependency_links.txt
-- Installing: /home/robotica/Robotica/Proyecto Final/src/install/group_15/local/lib/python3.10/dist-packages/group_15-0.0.0-py3.10.egg-info/PKG-INFO
-- Installing: /home/robotica/Robotica/Proyecto Final/src/install/group_15/local/lib/python3.10/dist-packages/group_15-0.0.0-py3.10.egg-info/SOURCES.txt
-- Installing: /home/robotica/Robotica/Proyecto Final/src/install/group_15/local/lib/python3.10/dist-packages/group_15-0.0.0-py3.10.egg-info/top_level.txt
-- Installing: /home/robotica/Robotica/Proyecto Final/src/install/group_15/local/lib/python3.10/dist-packages/group_15
-- Installing: /home/robotica/Robotica/Proyecto Final/src/install/group_15/local/lib/python3.10/dist-packages/group_15/group_15_s__rosidl_typesupport_c.cpython-310-x86_64-linux-gnu.so
-- Installing: /home/robotica/Robotica/Proyecto Final/src/install/group_15/local/lib/python3.10/dist-packages/group_15/group_15_s__rosidl_typesupport_fastrtps_c.cpython-310-x86_64-linux-gnu.so
-- Installing: /home/robotica/Robotica/Proyecto Final/src/install/group_15/local/lib/python3.10/dist-packages/group_15/group_15_s__rosidl_typesupport_introspection_c.cpython-310-x86_64-linux-gnu.so
-- Installing: /home/robotica/Robotica/Proyecto Final/src/install/group_15/local/lib/python3.10/dist-packages/group_15/libgroup_15__rosidl_generator_py.so
-- Installing: /home/robotica/Robotica/Proyecto Final/src/install/group_15/local/lib/python3.10/dist-packages/group_15/srv
-- Installing: /home/robotica/Robotica/Proyecto Final/src/install/group_15/local/lib/python3.10/dist-packages/group_15/srv/_start_manipulation_test.py
-- Installing: /home/robotica/Robotica/Proyecto Final/src/install/group_15/local/lib/python3.10/dist-packages/group_15/srv/_start_manipulation_test_s.c
-- Installing: /home/robotica/Robotica/Proyecto Final/src/install/group_15/local/lib/python3.10/dist-packages/group_15/srv/_start_navigation_test.py
-- Installing: /home/robotica/Robotica/Proyecto Final/src/install/group_15/local/lib/python3.10/dist-packages/group_15/srv/_start_navigation_test_s.c
-- Installing: /home/robotica/Robotica/Proyecto Final/src/install/group_15/local/lib/python3.10/dist-packages/group_15/srv/_start_perception_test.py
-- Installing: /home/robotica/Robotica/Proyecto Final/src/install/group_15/local/lib/python3.10/dist-packages/group_15/srv/_start_perception_test_s.c
-- Installing: /home/robotica/Robotica/Proyecto Final/src/install/group_15/local/lib/python3.10/dist-packages/group_15/srv/__init__.py
-- Installing: /home/robotica/Robotica/Proyecto Final/src/install/group_15/local/lib/python3.10/dist-packages/group_15/_group_15_s.ep.rosidl_typesupport_c.c
-- Installing: /home/robotica/Robotica/Proyecto Final/src/install/group_15/local/lib/python3.10/dist-packages/group_15/_group_15_s.ep.rosidl_typesupport_fastrtps_c.c
-- Installing: /home/robotica/Robotica/Proyecto Final/src/install/group_15/local/lib/python3.10/dist-packages/group_15/_group_15_s.ep.rosidl_typesupport_introspection_c.c
-- Installing: /home/robotica/Robotica/Proyecto Final/src/install/group_15/local/lib/python3.10/dist-packages/group_15/__init__.py
Listing '/home/robotica/Robotica/Proyecto Final/src/install/group_15/local/lib/python3.10/dist-packages/group_15'...
Compiling '/home/robotica/Robotica/Proyecto Final/src/install/group_15/local/lib/python3.10/dist-packages/group_15/__init__.py'...
Listing '/home/robotica/Robotica/Proyecto Final/src/install/group_15/local/lib/python3.10/dist-packages/group_15/srv'...
Compiling '/home/robotica/Robotica/Proyecto Final/src/install/group_15/local/lib/python3.10/dist-packages/group_15/srv/__init__.py'...
Compiling '/home/robotica/Robotica/Proyecto Final/src/install/group_15/local/lib/python3.10/dist-packages/group_15/srv/_start_manipulation_test.py'...
Compiling '/home/robotica/Robotica/Proyecto Final/src/install/group_15/local/lib/python3.10/dist-packages/group_15/srv/_start_navigation_test.py'...
Compiling '/home/robotica/Robotica/Proyecto Final/src/install/group_15/local/lib/python3.10/dist-packages/group_15/srv/_start_perception_test.py'...
-- Installing: /home/robotica/Robotica/Proyecto Final/src/install/group_15/local/lib/python3.10/dist-packages/group_15/group_15_s__rosidl_typesupport_fastrtps_c.cpython-310-x86_64-linux-gnu.so
-- Set runtime path of "/home/robotica/Robotica/Proyecto Final/src/install/group_15/local/lib/python3.10/dist-packages/group_15/group_15_s__rosidl_typesupport_fastrtps_c.cpython-310-x86_64-linux-gnu.so" to ""
-- Installing: /home/robotica/Robotica/Proyecto Final/src/install/group_15/local/lib/python3.10/dist-packages/group_15/group_15_s__rosidl_typesupport_introspection_c.cpython-310-x86_64-linux-gnu.so
-- Set runtime path of "/home/robotica/Robotica/Proyecto Final/src/install/group_15/local/lib/python3.10/dist-packages/group_15/group_15_s__rosidl_typesupport_introspection_c.cpython-310-x86_64-linux-gnu.so" to ""
-- Installing: /home/robotica/Robotica/Proyecto Final/src/install/group_15/local/lib/python3.10/dist-packages/group_15/group_15_s__rosidl_typesupport_c.cpython-310-x86_64-linux-gnu.so
-- Set runtime path of "/home/robotica/Robotica/Proyecto Final/src/install/group_15/local/lib/python3.10/dist-packages/group_15/group_15_s__rosidl_typesupport_c.cpython-310-x86_64-linux-gnu.so" to ""
-- Installing: /home/robotica/Robotica/Proyecto Final/src/install/group_15/lib/libgroup_15__rosidl_generator_py.so
-- Set runtime path of "/home/robotica/Robotica/Proyecto Final/src/install/group_15/lib/libgroup_15__rosidl_generator_py.so" to ""
-- Installing: /home/robotica/Robotica/Proyecto Final/src/install/group_15/share/group_15/srv/StartManipulationTest.idl
-- Installing: /home/robotica/Robotica/Proyecto Final/src/install/group_15/share/group_15/srv/StartPerceptionTest.idl
-- Installing: /home/robotica/Robotica/Proyecto Final/src/install/group_15/share/group_15/srv/StartNavigationTest.idl
-- Installing: /home/robotica/Robotica/Proyecto Final/src/install/group_15/share/group_15/srv/StartManipulationTest.srv
-- Installing: /home/robotica/Robotica/Proyecto Final/src/install/group_15/share/group_15/srv/StartManipulationTest_Request.msg
-- Installing: /home/robotica/Robotica/Proyecto Final/src/install/group_15/share/group_15/srv/StartManipulationTest_Response.msg
-- Installing: /home/robotica/Robotica/Proyecto Final/src/install/group_15/share/group_15/srv/StartPerceptionTest.srv
-- Installing: /home/robotica/Robotica/Proyecto Final/src/install/group_15/share/group_15/srv/StartPerceptionTest_Request.msg
-- Installing: /home/robotica/Robotica/Proyecto Final/src/install/group_15/share/group_15/srv/StartPerceptionTest_Response.msg
-- Installing: /home/robotica/Robotica/Proyecto Final/src/install/group_15/share/group_15/srv/StartNavigationTest.srv
-- Installing: /home/robotica/Robotica/Proyecto Final/src/install/group_15/share/group_15/srv/StartNavigationTest_Request.msg
-- Installing: /home/robotica/Robotica/Proyecto Final/src/install/group_15/share/group_15/srv/StartNavigationTest_Response.msg
-- Installing: /home/robotica/Robotica/Proyecto Final/src/install/group_15/share/ament_index/resource_index/package_run_dependencies/group_15
-- Installing: /home/robotica/Robotica/Proyecto Final/src/install/group_15/share/ament_index/resource_index/parent_prefix_path/group_15
-- Installing: /home/robotica/Robotica/Proyecto Final/src/install/group_15/share/group_15/environment/ament_prefix_path.sh
-- Installing: /home/robotica/Robotica/Proyecto Final/src/install/group_15/share/group_15/environment/ament_prefix_path.dsv
-- Installing: /home/robotica/Robotica/Proyecto Final/src/install/group_15/share/group_15/environment/path.sh
-- Installing: /home/robotica/Robotica/Proyecto Final/src/install/group_15/share/group_15/environment/path.dsv
-- Installing: /home/robotica/Robotica/Proyecto Final/src/install/group_15/share/group_15/local_setup.bash
-- Installing: /home/robotica/Robotica/Proyecto Final/src/install/group_15/share/group_15/local_setup.sh
-- Installing: /home/robotica/Robotica/Proyecto Final/src/install/group_15/share/group_15/local_setup.zsh
-- Installing: /home/robotica/Robotica/Proyecto Final/src/install/group_15/share/group_15/local_setup.dsv
-- Installing: /home/robotica/Robotica/Proyecto Final/src/install/group_15/share/group_15/package.dsv
-- Installing: /home/robotica/Robotica/Proyecto Final/src/install/group_15/share/ament_index/resource_index/packages/group_15
-- Installing: /home/robotica/Robotica/Proyecto Final/src/install/group_15/share/group_15/cmake/export_group_15__rosidl_generator_cExport.cmake
-- Installing: /home/robotica/Robotica/Proyecto Final/src/install/group_15/share/group_15/cmake/export_group_15__rosidl_generator_cExport-noconfig.cmake
-- Installing: /home/robotica/Robotica/Proyecto Final/src/install/group_15/share/group_15/cmake/export_group_15__rosidl_typesupport_fastrtps_cExport.cmake
-- Installing: /home/robotica/Robotica/Proyecto Final/src/install/group_15/share/group_15/cmake/export_group_15__rosidl_typesupport_fastrtps_cExport-noconfig.cmake
-- Installing: /home/robotica/Robotica/Proyecto Final/src/install/group_15/share/group_15/cmake/group_15__rosidl_typesupport_introspection_cExport.cmake
-- Installing: /home/robotica/Robotica/Proyecto Final/src/install/group_15/share/group_15/cmake/group_15__rosidl_typesupport_introspection_cExport-noconfig.cmake
-- Installing: /home/robotica/Robotica/Proyecto Final/src/install/group_15/share/group_15/cmake/group_15__rosidl_typesupport_cExport.cmake
-- Installing: /home/robotica/Robotica/Proyecto Final/src/install/group_15/share/group_15/cmake/group_15__rosidl_typesupport_cExport-noconfig.cmake
-- Installing: /home/robotica/Robotica/Proyecto Final/src/install/group_15/share/group_15/cmake/export_group_15__rosidl_generator_cppExport.cmake
-- Installing: /home/robotica/Robotica/Proyecto Final/src/install/group_15/share/group_15/cmake/export_group_15__rosidl_typesupport_fastrtps_cppExport.cmake
-- Installing: /home/robotica/Robotica/Proyecto Final/src/install/group_15/share/group_15/cmake/export_group_15__rosidl_typesupport_fastrtps_cppExport-noconfig.cmake
-- Installing: /home/robotica/Robotica/Proyecto Final/src/install/group_15/share/group_15/cmake/group_15__rosidl_typesupport_introspection_cppExport.cmake
-- Installing: /home/robotica/Robotica/Proyecto Final/src/install/group_15/share/group_15/cmake/group_15__rosidl_typesupport_introspection_cppExport-noconfig.cmake
-- Installing: /home/robotica/Robotica/Proyecto Final/src/install/group_15/share/group_15/cmake/group_15__rosidl_typesupport_cppExport.cmake
-- Installing: /home/robotica/Robotica/Proyecto Final/src/install/group_15/share/group_15/cmake/group_15__rosidl_typesupport_cppExport-noconfig.cmake
-- Installing: /home/robotica/Robotica/Proyecto Final/src/install/group_15/share/group_15/cmake/export_group_15__rosidl_generator_pyExport.cmake
-- Installing: /home/robotica/Robotica/Proyecto Final/src/install/group_15/share/group_15/cmake/export_group_15__rosidl_generator_pyExport-noconfig.cmake
-- Installing: /home/robotica/Robotica/Proyecto Final/src/install/group_15/share/group_15/cmake/rosidl_cmake-extras.cmake
-- Installing: /home/robotica/Robotica/Proyecto Final/src/install/group_15/share/group_15/cmake/ament_cmake_export_include_directories-extras.cmake
-- Installing: /home/robotica/Robotica/Proyecto Final/src/install/group_15/share/group_15/cmake/ament_cmake_export_libraries-extras.cmake
-- Installing: /home/robotica/Robotica/Proyecto Final/src/install/group_15/share/group_15/cmake/ament_cmake_export_targets-extras.cmake
-- Installing: /home/robotica/Robotica/Proyecto Final/src/install/group_15/share/group_15/cmake/rosidl_cmake_export_typesupport_targets-extras.cmake
-- Installing: /home/robotica/Robotica/Proyecto Final/src/install/group_15/share/group_15/cmake/ament_cmake_export_dependencies-extras.cmake
-- Installing: /home/robotica/Robotica/Proyecto Final/src/install/group_15/share/group_15/cmake/rosidl_cmake_export_typesupport_libraries-extras.cmake
-- Installing: /home/robotica/Robotica/Proyecto Final/src/install/group_15/share/group_15/cmake/group_15Config.cmake
-- Installing: /home/robotica/Robotica/Proyecto Final/src/install/group_15/share/group_15/cmake/group_15Config-version.cmake
-- Installing: /home/robotica/Robotica/Proyecto Final/src/install/group_15/share/group_15/package.xml
