gmake[1]: Warning: File 'CMakeFiles/Makefile2' has modification time 23 s in the future
gmake[2]: Warning: File 'CMakeFiles/group_15__cpp.dir/progress.make' has modification time 23 s in the future
gmake[2]: Warning: File 'CMakeFiles/group_15__rosidl_generator_c.dir/progress.make' has modification time 23 s in the future
gmake[2]: Warning: File 'CMakeFiles/ament_cmake_python_copy_group_15.dir/progress.make' has modification time 23 s in the future
gmake[2]: warning:  Clock skew detected.  Your build may be incomplete.
gmake[2]: warning:  Clock skew detected.  Your build may be incomplete.
gmake[2]: Warning: File 'CMakeFiles/ament_cmake_python_copy_group_15.dir/progress.make' has modification time 23 s in the future
gmake[2]: Warning: File 'CMakeFiles/group_15__cpp.dir/progress.make' has modification time 23 s in the future
gmake[2]: warning:  Clock skew detected.  Your build may be incomplete.
gmake[2]: Warning: File 'CMakeFiles/group_15__rosidl_typesupport_fastrtps_cpp.dir/progress.make' has modification time 23 s in the future
gmake[2]: Warning: File 'CMakeFiles/group_15__rosidl_typesupport_introspection_cpp.dir/progress.make' has modification time 23 s in the future
gmake[2]: warning:  Clock skew detected.  Your build may be incomplete.
gmake[2]: Warning: File 'CMakeFiles/group_15__rosidl_generator_c.dir/progress.make' has modification time 22 s in the future
gmake[2]: warning:  Clock skew detected.  Your build may be incomplete.
gmake[2]: Warning: File 'CMakeFiles/group_15__rosidl_typesupport_cpp.dir/progress.make' has modification time 22 s in the future
gmake[2]: warning:  Clock skew detected.  Your build may be incomplete.
gmake[2]: Warning: File 'CMakeFiles/group_15__rosidl_typesupport_introspection_cpp.dir/progress.make' has modification time 21 s in the future
gmake[2]: warning:  Clock skew detected.  Your build may be incomplete.
gmake[2]: warning:  Clock skew detected.  Your build may be incomplete.
gmake[2]: Warning: File 'CMakeFiles/group_15__rosidl_typesupport_fastrtps_cpp.dir/progress.make' has modification time 21 s in the future
gmake[2]: warning:  Clock skew detected.  Your build may be incomplete.
gmake[2]: Warning: File 'CMakeFiles/ament_cmake_python_build_group_15_egg.dir/progress.make' has modification time 20 s in the future
gmake[2]: warning:  Clock skew detected.  Your build may be incomplete.
gmake[2]: Warning: File 'CMakeFiles/group_15__rosidl_typesupport_cpp.dir/progress.make' has modification time 20 s in the future
gmake[2]: warning:  Clock skew detected.  Your build may be incomplete.
gmake[2]: Warning: File 'CMakeFiles/ament_cmake_python_build_group_15_egg.dir/progress.make' has modification time 20 s in the future
gmake[2]: warning:  Clock skew detected.  Your build may be incomplete.
gmake[2]: Warning: File 'CMakeFiles/group_15__rosidl_typesupport_c.dir/progress.make' has modification time 19 s in the future
gmake[2]: Warning: File 'CMakeFiles/group_15__rosidl_typesupport_fastrtps_c.dir/progress.make' has modification time 19 s in the future
gmake[2]: warning:  Clock skew detected.  Your build may be incomplete.
gmake[2]: Warning: File 'CMakeFiles/group_15__rosidl_typesupport_introspection_c.dir/progress.make' has modification time 19 s in the future
gmake[2]: warning:  Clock skew detected.  Your build may be incomplete.
gmake[2]: Warning: File 'CMakeFiles/group_15__rosidl_typesupport_c.dir/progress.make' has modification time 18 s in the future
gmake[2]: warning:  Clock skew detected.  Your build may be incomplete.
gmake[2]: warning:  Clock skew detected.  Your build may be incomplete.
gmake[2]: Warning: File 'CMakeFiles/group_15__rosidl_typesupport_introspection_c.dir/progress.make' has modification time 18 s in the future
gmake[2]: warning:  Clock skew detected.  Your build may be incomplete.
gmake[2]: Warning: File 'CMakeFiles/group_15__rosidl_typesupport_fastrtps_c.dir/progress.make' has modification time 18 s in the future
gmake[2]: warning:  Clock skew detected.  Your build may be incomplete.
gmake[2]: warning:  Clock skew detected.  Your build may be incomplete.
gmake[2]: warning:  Clock skew detected.  Your build may be incomplete.
gmake[2]: Warning: File 'CMakeFiles/group_15.dir/progress.make' has modification time 15 s in the future
gmake[2]: warning:  Clock skew detected.  Your build may be incomplete.
gmake[2]: Warning: File 'CMakeFiles/group_15.dir/progress.make' has modification time 15 s in the future
gmake[2]: warning:  Clock skew detected.  Your build may be incomplete.
gmake[2]: Warning: File 'group_15__py/CMakeFiles/group_15__py.dir/progress.make' has modification time 15 s in the future
gmake[2]: warning:  Clock skew detected.  Your build may be incomplete.
gmake[2]: Warning: File 'group_15__py/CMakeFiles/group_15__py.dir/progress.make' has modification time 15 s in the future
gmake[2]: warning:  Clock skew detected.  Your build may be incomplete.
gmake[2]: Warning: File 'CMakeFiles/group_15__rosidl_generator_py.dir/progress.make' has modification time 15 s in the future
gmake[2]: warning:  Clock skew detected.  Your build may be incomplete.
gmake[2]: Warning: File 'CMakeFiles/group_15__rosidl_generator_py.dir/progress.make' has modification time 14 s in the future
gmake[2]: warning:  Clock skew detected.  Your build may be incomplete.
gmake[2]: Warning: File 'CMakeFiles/group_15__rosidl_typesupport_introspection_c__pyext.dir/progress.make' has modification time 13 s in the future
gmake[2]: Warning: File 'CMakeFiles/group_15__rosidl_typesupport_fastrtps_c__pyext.dir/progress.make' has modification time 13 s in the future
gmake[2]: Warning: File 'CMakeFiles/group_15__rosidl_typesupport_c__pyext.dir/progress.make' has modification time 13 s in the future
gmake[2]: warning:  Clock skew detected.  Your build may be incomplete.
gmake[2]: warning:  Clock skew detected.  Your build may be incomplete.
gmake[2]: Warning: File 'CMakeFiles/group_15__rosidl_typesupport_fastrtps_c__pyext.dir/progress.make' has modification time 12 s in the future
gmake[2]: warning:  Clock skew detected.  Your build may be incomplete.
gmake[2]: Warning: File 'CMakeFiles/group_15__rosidl_typesupport_introspection_c__pyext.dir/progress.make' has modification time 12 s in the future
gmake[2]: Warning: File 'CMakeFiles/group_15__rosidl_typesupport_c__pyext.dir/progress.make' has modification time 12 s in the future
gmake[2]: warning:  Clock skew detected.  Your build may be incomplete.
gmake[2]: warning:  Clock skew detected.  Your build may be incomplete.
gmake[2]: warning:  Clock skew detected.  Your build may be incomplete.
gmake[1]: warning:  Clock skew detected.  Your build may be incomplete.
