-- Found ament_cmake: 1.3.3 (/opt/ros/humble/share/ament_cmake/cmake)
-- Found rosidl_default_generators: 1.2.0 (/opt/ros/humble/share/rosidl_default_generators/cmake)
-- Using all available rosidl_typesupport_c: rosidl_typesupport_fastrtps_c;rosidl_typesupport_introspection_c
-- Found rosidl_adapter: 3.1.4 (/opt/ros/humble/share/rosidl_adapter/cmake)
-- Using all available rosidl_typesupport_cpp: rosidl_typesupport_fastrtps_cpp;rosidl_typesupport_introspection_cpp
-- Found ament_cmake_ros: 0.10.0 (/opt/ros/humble/share/ament_cmake_ros/cmake)
-- Using all available rosidl_typesupport_c: rosidl_typesupport_fastrtps_c;rosidl_typesupport_introspection_c
-- Using all available rosidl_typesupport_cpp: rosidl_typesupport_fastrtps_cpp;rosidl_typesupport_introspection_cpp
-- Found python_cmake_module: 0.10.0 (/opt/ros/humble/share/python_cmake_module/cmake)
-- Using PYTHON_EXECUTABLE: /usr/bin/python3
-- Using PYTHON_INCLUDE_DIRS: /usr/include/python3.10
-- Using PYTHON_LIBRARIES: /usr/lib/x86_64-linux-gnu/libpython3.10.so
-- Configuring done
-- Generating done
-- Build files have been written to: /home/robotica/Robotica/Proyecto Final/src/build/group_15
gmake[1]: Warning: File 'CMakeFiles/Makefile2' has modification time 23 s in the future
gmake[2]: Warning: File 'CMakeFiles/group_15__cpp.dir/progress.make' has modification time 23 s in the future
gmake[2]: Warning: File 'CMakeFiles/group_15__rosidl_generator_c.dir/progress.make' has modification time 23 s in the future
gmake[2]: Warning: File 'CMakeFiles/ament_cmake_python_copy_group_15.dir/progress.make' has modification time 23 s in the future
gmake[2]: warning:  Clock skew detected.  Your build may be incomplete.
gmake[2]: warning:  Clock skew detected.  Your build may be incomplete.
gmake[2]: Warning: File 'CMakeFiles/ament_cmake_python_copy_group_15.dir/progress.make' has modification time 23 s in the future
gmake[2]: Warning: File 'CMakeFiles/group_15__cpp.dir/progress.make' has modification time 23 s in the future
gmake[2]: warning:  Clock skew detected.  Your build may be incomplete.
[35m[1mConsolidate compiler generated dependencies of target group_15__rosidl_generator_c[0m
[  2%] Built target group_15__cpp
gmake[2]: Warning: File 'CMakeFiles/group_15__rosidl_typesupport_fastrtps_cpp.dir/progress.make' has modification time 23 s in the future
gmake[2]: Warning: File 'CMakeFiles/group_15__rosidl_typesupport_introspection_cpp.dir/progress.make' has modification time 23 s in the future
[35m[1mConsolidate compiler generated dependencies of target group_15__rosidl_typesupport_fastrtps_cpp[0m
[35m[1mConsolidate compiler generated dependencies of target group_15__rosidl_typesupport_introspection_cpp[0m
gmake[2]: warning:  Clock skew detected.  Your build may be incomplete.
gmake[2]: Warning: File 'CMakeFiles/group_15__rosidl_generator_c.dir/progress.make' has modification time 22 s in the future
gmake[2]: warning:  Clock skew detected.  Your build may be incomplete.
[  4%] [32mBuilding C object CMakeFiles/group_15__rosidl_generator_c.dir/rosidl_generator_c/group_15/srv/detail/start_manipulation_test__functions.c.o[0m
[  4%] Built target ament_cmake_python_copy_group_15
gmake[2]: Warning: File 'CMakeFiles/group_15__rosidl_typesupport_cpp.dir/progress.make' has modification time 22 s in the future
[35m[1mConsolidate compiler generated dependencies of target group_15__rosidl_typesupport_cpp[0m
gmake[2]: warning:  Clock skew detected.  Your build may be incomplete.
gmake[2]: Warning: File 'CMakeFiles/group_15__rosidl_typesupport_introspection_cpp.dir/progress.make' has modification time 21 s in the future
gmake[2]: warning:  Clock skew detected.  Your build may be incomplete.
gmake[2]: warning:  Clock skew detected.  Your build may be incomplete.
[  6%] [32mBuilding C object CMakeFiles/group_15__rosidl_generator_c.dir/rosidl_generator_c/group_15/srv/detail/start_perception_test__functions.c.o[0m
gmake[2]: Warning: File 'CMakeFiles/group_15__rosidl_typesupport_fastrtps_cpp.dir/progress.make' has modification time 21 s in the future
gmake[2]: warning:  Clock skew detected.  Your build may be incomplete.
[ 17%] Built target group_15__rosidl_typesupport_introspection_cpp
[ 27%] Built target group_15__rosidl_typesupport_fastrtps_cpp
gmake[2]: Warning: File 'CMakeFiles/ament_cmake_python_build_group_15_egg.dir/progress.make' has modification time 20 s in the future
gmake[2]: warning:  Clock skew detected.  Your build may be incomplete.
gmake[2]: Warning: File 'CMakeFiles/group_15__rosidl_typesupport_cpp.dir/progress.make' has modification time 20 s in the future
[ 29%] [32mBuilding C object CMakeFiles/group_15__rosidl_generator_c.dir/rosidl_generator_c/group_15/srv/detail/start_navigation_test__functions.c.o[0m
gmake[2]: warning:  Clock skew detected.  Your build may be incomplete.
gmake[2]: Warning: File 'CMakeFiles/ament_cmake_python_build_group_15_egg.dir/progress.make' has modification time 20 s in the future
[ 31%] [32mBuilding CXX object CMakeFiles/group_15__rosidl_typesupport_cpp.dir/rosidl_typesupport_cpp/group_15/srv/start_navigation_test__type_support.cpp.o[0m
[ 34%] [32m[1mLinking C shared library libgroup_15__rosidl_generator_c.so[0m
gmake[2]: warning:  Clock skew detected.  Your build may be incomplete.
running egg_info
writing group_15.egg-info/PKG-INFO
writing dependency_links to group_15.egg-info/dependency_links.txt
writing top-level names to group_15.egg-info/top_level.txt
[ 36%] Built target group_15__rosidl_generator_c
reading manifest file 'group_15.egg-info/SOURCES.txt'
writing manifest file 'group_15.egg-info/SOURCES.txt'
gmake[2]: Warning: File 'CMakeFiles/group_15__rosidl_typesupport_c.dir/progress.make' has modification time 19 s in the future
gmake[2]: Warning: File 'CMakeFiles/group_15__rosidl_typesupport_fastrtps_c.dir/progress.make' has modification time 19 s in the future
gmake[2]: warning:  Clock skew detected.  Your build may be incomplete.
[35m[1mConsolidate compiler generated dependencies of target group_15__rosidl_typesupport_c[0m
[ 36%] Built target ament_cmake_python_build_group_15_egg
[35m[1mConsolidate compiler generated dependencies of target group_15__rosidl_typesupport_fastrtps_c[0m
gmake[2]: Warning: File 'CMakeFiles/group_15__rosidl_typesupport_introspection_c.dir/progress.make' has modification time 19 s in the future
gmake[2]: warning:  Clock skew detected.  Your build may be incomplete.
[ 38%] [32m[1mLinking CXX shared library libgroup_15__rosidl_typesupport_cpp.so[0m
gmake[2]: Warning: File 'CMakeFiles/group_15__rosidl_typesupport_c.dir/progress.make' has modification time 18 s in the future
[35m[1mConsolidate compiler generated dependencies of target group_15__rosidl_typesupport_introspection_c[0m
[ 40%] [32mBuilding CXX object CMakeFiles/group_15__rosidl_typesupport_c.dir/rosidl_typesupport_c/group_15/srv/start_perception_test__type_support.cpp.o[0m
[ 42%] [32mBuilding CXX object CMakeFiles/group_15__rosidl_typesupport_c.dir/rosidl_typesupport_c/group_15/srv/start_navigation_test__type_support.cpp.o[0m
gmake[2]: warning:  Clock skew detected.  Your build may be incomplete.
gmake[2]: warning:  Clock skew detected.  Your build may be incomplete.
[ 48%] Built target group_15__rosidl_typesupport_cpp
gmake[2]: Warning: File 'CMakeFiles/group_15__rosidl_typesupport_introspection_c.dir/progress.make' has modification time 18 s in the future
[ 55%] [32mBuilding C object CMakeFiles/group_15__rosidl_typesupport_introspection_c.dir/rosidl_typesupport_introspection_c/group_15/srv/detail/start_perception_test__type_support.c.o[0m
[ 55%] [32m[1mLinking CXX shared library libgroup_15__rosidl_typesupport_c.so[0m
[ 55%] [32mBuilding C object CMakeFiles/group_15__rosidl_typesupport_introspection_c.dir/rosidl_typesupport_introspection_c/group_15/srv/detail/start_manipulation_test__type_support.c.o[0m
gmake[2]: warning:  Clock skew detected.  Your build may be incomplete.
[ 57%] [32mBuilding C object CMakeFiles/group_15__rosidl_typesupport_introspection_c.dir/rosidl_typesupport_introspection_c/group_15/srv/detail/start_navigation_test__type_support.c.o[0m
gmake[2]: Warning: File 'CMakeFiles/group_15__rosidl_typesupport_fastrtps_c.dir/progress.make' has modification time 18 s in the future
gmake[2]: warning:  Clock skew detected.  Your build may be incomplete.
[ 59%] [32mBuilding CXX object CMakeFiles/group_15__rosidl_typesupport_fastrtps_c.dir/rosidl_typesupport_fastrtps_c/group_15/srv/detail/start_manipulation_test__type_support_c.cpp.o[0m
[ 61%] [32mBuilding CXX object CMakeFiles/group_15__rosidl_typesupport_fastrtps_c.dir/rosidl_typesupport_fastrtps_c/group_15/srv/detail/start_perception_test__type_support_c.cpp.o[0m
[ 65%] Built target group_15__rosidl_typesupport_c
[ 68%] [32m[1mLinking C shared library libgroup_15__rosidl_typesupport_introspection_c.so[0m
gmake[2]: warning:  Clock skew detected.  Your build may be incomplete.
[ 70%] Built target group_15__rosidl_typesupport_introspection_c
[ 72%] [32m[1mLinking CXX shared library libgroup_15__rosidl_typesupport_fastrtps_c.so[0m
gmake[2]: warning:  Clock skew detected.  Your build may be incomplete.
[ 76%] Built target group_15__rosidl_typesupport_fastrtps_c
gmake[2]: Warning: File 'CMakeFiles/group_15.dir/progress.make' has modification time 15 s in the future
gmake[2]: warning:  Clock skew detected.  Your build may be incomplete.
gmake[2]: Warning: File 'CMakeFiles/group_15.dir/progress.make' has modification time 15 s in the future
gmake[2]: warning:  Clock skew detected.  Your build may be incomplete.
[ 76%] Built target group_15
gmake[2]: Warning: File 'group_15__py/CMakeFiles/group_15__py.dir/progress.make' has modification time 15 s in the future
gmake[2]: warning:  Clock skew detected.  Your build may be incomplete.
gmake[2]: Warning: File 'group_15__py/CMakeFiles/group_15__py.dir/progress.make' has modification time 15 s in the future
gmake[2]: warning:  Clock skew detected.  Your build may be incomplete.
[ 78%] Built target group_15__py
gmake[2]: Warning: File 'CMakeFiles/group_15__rosidl_generator_py.dir/progress.make' has modification time 15 s in the future
[35m[1mConsolidate compiler generated dependencies of target group_15__rosidl_generator_py[0m
gmake[2]: warning:  Clock skew detected.  Your build may be incomplete.
gmake[2]: Warning: File 'CMakeFiles/group_15__rosidl_generator_py.dir/progress.make' has modification time 14 s in the future
[ 80%] [32mBuilding C object CMakeFiles/group_15__rosidl_generator_py.dir/rosidl_generator_py/group_15/srv/_start_manipulation_test_s.c.o[0m
[ 82%] [32mBuilding C object CMakeFiles/group_15__rosidl_generator_py.dir/rosidl_generator_py/group_15/srv/_start_navigation_test_s.c.o[0m
[ 85%] [32mBuilding C object CMakeFiles/group_15__rosidl_generator_py.dir/rosidl_generator_py/group_15/srv/_start_perception_test_s.c.o[0m
[ 87%] [32m[1mLinking C shared library rosidl_generator_py/group_15/libgroup_15__rosidl_generator_py.so[0m
gmake[2]: warning:  Clock skew detected.  Your build may be incomplete.
[ 87%] Built target group_15__rosidl_generator_py
gmake[2]: Warning: File 'CMakeFiles/group_15__rosidl_typesupport_introspection_c__pyext.dir/progress.make' has modification time 13 s in the future
gmake[2]: Warning: File 'CMakeFiles/group_15__rosidl_typesupport_fastrtps_c__pyext.dir/progress.make' has modification time 13 s in the future
gmake[2]: Warning: File 'CMakeFiles/group_15__rosidl_typesupport_c__pyext.dir/progress.make' has modification time 13 s in the future
[35m[1mConsolidate compiler generated dependencies of target group_15__rosidl_typesupport_introspection_c__pyext[0m
[35m[1mConsolidate compiler generated dependencies of target group_15__rosidl_typesupport_c__pyext[0m
[35m[1mConsolidate compiler generated dependencies of target group_15__rosidl_typesupport_fastrtps_c__pyext[0m
gmake[2]: warning:  Clock skew detected.  Your build may be incomplete.
gmake[2]: warning:  Clock skew detected.  Your build may be incomplete.
gmake[2]: Warning: File 'CMakeFiles/group_15__rosidl_typesupport_fastrtps_c__pyext.dir/progress.make' has modification time 12 s in the future
gmake[2]: warning:  Clock skew detected.  Your build may be incomplete.
gmake[2]: Warning: File 'CMakeFiles/group_15__rosidl_typesupport_introspection_c__pyext.dir/progress.make' has modification time 12 s in the future
gmake[2]: Warning: File 'CMakeFiles/group_15__rosidl_typesupport_c__pyext.dir/progress.make' has modification time 12 s in the future
[ 89%] [32m[1mLinking C shared library rosidl_generator_py/group_15/group_15_s__rosidl_typesupport_fastrtps_c.cpython-310-x86_64-linux-gnu.so[0m
[ 93%] [32m[1mLinking C shared library rosidl_generator_py/group_15/group_15_s__rosidl_typesupport_c.cpython-310-x86_64-linux-gnu.so[0m
[ 93%] [32m[1mLinking C shared library rosidl_generator_py/group_15/group_15_s__rosidl_typesupport_introspection_c.cpython-310-x86_64-linux-gnu.so[0m
gmake[2]: warning:  Clock skew detected.  Your build may be incomplete.
gmake[2]: warning:  Clock skew detected.  Your build may be incomplete.
[ 95%] Built target group_15__rosidl_typesupport_fastrtps_c__pyext
gmake[2]: warning:  Clock skew detected.  Your build may be incomplete.
[ 97%] Built target group_15__rosidl_typesupport_introspection_c__pyext
[100%] Built target group_15__rosidl_typesupport_c__pyext
gmake[1]: warning:  Clock skew detected.  Your build may be incomplete.
-- Install configuration: ""
-- Up-to-date: /home/robotica/Robotica/Proyecto Final/src/install/group_15/share/ament_index/resource_index/rosidl_interfaces/group_15
-- Up-to-date: /home/robotica/Robotica/Proyecto Final/src/install/group_15/include/group_15/group_15
-- Up-to-date: /home/robotica/Robotica/Proyecto Final/src/install/group_15/include/group_15/group_15/msg
-- Up-to-date: /home/robotica/Robotica/Proyecto Final/src/install/group_15/include/group_15/group_15/msg/rosidl_generator_c__visibility_control.h
-- Up-to-date: /home/robotica/Robotica/Proyecto Final/src/install/group_15/include/group_15/group_15/srv
-- Up-to-date: /home/robotica/Robotica/Proyecto Final/src/install/group_15/include/group_15/group_15/srv/detail
-- Up-to-date: /home/robotica/Robotica/Proyecto Final/src/install/group_15/include/group_15/group_15/srv/detail/start_manipulation_test__functions.c
-- Up-to-date: /home/robotica/Robotica/Proyecto Final/src/install/group_15/include/group_15/group_15/srv/detail/start_manipulation_test__functions.h
-- Up-to-date: /home/robotica/Robotica/Proyecto Final/src/install/group_15/include/group_15/group_15/srv/detail/start_manipulation_test__struct.h
-- Up-to-date: /home/robotica/Robotica/Proyecto Final/src/install/group_15/include/group_15/group_15/srv/detail/start_manipulation_test__type_support.h
-- Up-to-date: /home/robotica/Robotica/Proyecto Final/src/install/group_15/include/group_15/group_15/srv/detail/start_navigation_test__functions.c
-- Up-to-date: /home/robotica/Robotica/Proyecto Final/src/install/group_15/include/group_15/group_15/srv/detail/start_navigation_test__functions.h
-- Up-to-date: /home/robotica/Robotica/Proyecto Final/src/install/group_15/include/group_15/group_15/srv/detail/start_navigation_test__struct.h
-- Up-to-date: /home/robotica/Robotica/Proyecto Final/src/install/group_15/include/group_15/group_15/srv/detail/start_navigation_test__type_support.h
-- Up-to-date: /home/robotica/Robotica/Proyecto Final/src/install/group_15/include/group_15/group_15/srv/detail/start_perception_test__functions.c
-- Up-to-date: /home/robotica/Robotica/Proyecto Final/src/install/group_15/include/group_15/group_15/srv/detail/start_perception_test__functions.h
-- Up-to-date: /home/robotica/Robotica/Proyecto Final/src/install/group_15/include/group_15/group_15/srv/detail/start_perception_test__struct.h
-- Up-to-date: /home/robotica/Robotica/Proyecto Final/src/install/group_15/include/group_15/group_15/srv/detail/start_perception_test__type_support.h
-- Up-to-date: /home/robotica/Robotica/Proyecto Final/src/install/group_15/include/group_15/group_15/srv/start_manipulation_test.h
-- Up-to-date: /home/robotica/Robotica/Proyecto Final/src/install/group_15/include/group_15/group_15/srv/start_navigation_test.h
-- Up-to-date: /home/robotica/Robotica/Proyecto Final/src/install/group_15/include/group_15/group_15/srv/start_perception_test.h
-- Up-to-date: /home/robotica/Robotica/Proyecto Final/src/install/group_15/share/group_15/environment/library_path.sh
-- Installing: /home/robotica/Robotica/Proyecto Final/src/install/group_15/share/group_15/environment/library_path.dsv
-- Installing: /home/robotica/Robotica/Proyecto Final/src/install/group_15/lib/libgroup_15__rosidl_generator_c.so
-- Set runtime path of "/home/robotica/Robotica/Proyecto Final/src/install/group_15/lib/libgroup_15__rosidl_generator_c.so" to ""
-- Up-to-date: /home/robotica/Robotica/Proyecto Final/src/install/group_15/include/group_15/group_15
-- Up-to-date: /home/robotica/Robotica/Proyecto Final/src/install/group_15/include/group_15/group_15/msg
-- Up-to-date: /home/robotica/Robotica/Proyecto Final/src/install/group_15/include/group_15/group_15/msg/rosidl_typesupport_fastrtps_c__visibility_control.h
-- Up-to-date: /home/robotica/Robotica/Proyecto Final/src/install/group_15/include/group_15/group_15/srv
-- Up-to-date: /home/robotica/Robotica/Proyecto Final/src/install/group_15/include/group_15/group_15/srv/detail
-- Up-to-date: /home/robotica/Robotica/Proyecto Final/src/install/group_15/include/group_15/group_15/srv/detail/start_manipulation_test__rosidl_typesupport_fastrtps_c.h
-- Up-to-date: /home/robotica/Robotica/Proyecto Final/src/install/group_15/include/group_15/group_15/srv/detail/start_navigation_test__rosidl_typesupport_fastrtps_c.h
-- Up-to-date: /home/robotica/Robotica/Proyecto Final/src/install/group_15/include/group_15/group_15/srv/detail/start_perception_test__rosidl_typesupport_fastrtps_c.h
-- Installing: /home/robotica/Robotica/Proyecto Final/src/install/group_15/lib/libgroup_15__rosidl_typesupport_fastrtps_c.so
-- Set runtime path of "/home/robotica/Robotica/Proyecto Final/src/install/group_15/lib/libgroup_15__rosidl_typesupport_fastrtps_c.so" to ""
-- Up-to-date: /home/robotica/Robotica/Proyecto Final/src/install/group_15/include/group_15/group_15
-- Up-to-date: /home/robotica/Robotica/Proyecto Final/src/install/group_15/include/group_15/group_15/msg
-- Up-to-date: /home/robotica/Robotica/Proyecto Final/src/install/group_15/include/group_15/group_15/msg/rosidl_typesupport_introspection_c__visibility_control.h
-- Up-to-date: /home/robotica/Robotica/Proyecto Final/src/install/group_15/include/group_15/group_15/srv
-- Up-to-date: /home/robotica/Robotica/Proyecto Final/src/install/group_15/include/group_15/group_15/srv/detail
-- Up-to-date: /home/robotica/Robotica/Proyecto Final/src/install/group_15/include/group_15/group_15/srv/detail/start_manipulation_test__rosidl_typesupport_introspection_c.h
-- Up-to-date: /home/robotica/Robotica/Proyecto Final/src/install/group_15/include/group_15/group_15/srv/detail/start_manipulation_test__type_support.c
-- Up-to-date: /home/robotica/Robotica/Proyecto Final/src/install/group_15/include/group_15/group_15/srv/detail/start_navigation_test__rosidl_typesupport_introspection_c.h
-- Up-to-date: /home/robotica/Robotica/Proyecto Final/src/install/group_15/include/group_15/group_15/srv/detail/start_navigation_test__type_support.c
-- Up-to-date: /home/robotica/Robotica/Proyecto Final/src/install/group_15/include/group_15/group_15/srv/detail/start_perception_test__rosidl_typesupport_introspection_c.h
-- Up-to-date: /home/robotica/Robotica/Proyecto Final/src/install/group_15/include/group_15/group_15/srv/detail/start_perception_test__type_support.c
-- Installing: /home/robotica/Robotica/Proyecto Final/src/install/group_15/lib/libgroup_15__rosidl_typesupport_introspection_c.so
-- Set runtime path of "/home/robotica/Robotica/Proyecto Final/src/install/group_15/lib/libgroup_15__rosidl_typesupport_introspection_c.so" to ""
-- Installing: /home/robotica/Robotica/Proyecto Final/src/install/group_15/lib/libgroup_15__rosidl_typesupport_c.so
-- Set runtime path of "/home/robotica/Robotica/Proyecto Final/src/install/group_15/lib/libgroup_15__rosidl_typesupport_c.so" to ""
-- Up-to-date: /home/robotica/Robotica/Proyecto Final/src/install/group_15/include/group_15/group_15
-- Up-to-date: /home/robotica/Robotica/Proyecto Final/src/install/group_15/include/group_15/group_15/srv
-- Up-to-date: /home/robotica/Robotica/Proyecto Final/src/install/group_15/include/group_15/group_15/srv/detail
-- Up-to-date: /home/robotica/Robotica/Proyecto Final/src/install/group_15/include/group_15/group_15/srv/detail/start_manipulation_test__builder.hpp
-- Up-to-date: /home/robotica/Robotica/Proyecto Final/src/install/group_15/include/group_15/group_15/srv/detail/start_manipulation_test__struct.hpp
-- Up-to-date: /home/robotica/Robotica/Proyecto Final/src/install/group_15/include/group_15/group_15/srv/detail/start_manipulation_test__traits.hpp
-- Up-to-date: /home/robotica/Robotica/Proyecto Final/src/install/group_15/include/group_15/group_15/srv/detail/start_navigation_test__builder.hpp
-- Up-to-date: /home/robotica/Robotica/Proyecto Final/src/install/group_15/include/group_15/group_15/srv/detail/start_navigation_test__struct.hpp
-- Up-to-date: /home/robotica/Robotica/Proyecto Final/src/install/group_15/include/group_15/group_15/srv/detail/start_navigation_test__traits.hpp
-- Up-to-date: /home/robotica/Robotica/Proyecto Final/src/install/group_15/include/group_15/group_15/srv/detail/start_perception_test__builder.hpp
-- Up-to-date: /home/robotica/Robotica/Proyecto Final/src/install/group_15/include/group_15/group_15/srv/detail/start_perception_test__struct.hpp
-- Up-to-date: /home/robotica/Robotica/Proyecto Final/src/install/group_15/include/group_15/group_15/srv/detail/start_perception_test__traits.hpp
-- Up-to-date: /home/robotica/Robotica/Proyecto Final/src/install/group_15/include/group_15/group_15/srv/start_manipulation_test.hpp
-- Up-to-date: /home/robotica/Robotica/Proyecto Final/src/install/group_15/include/group_15/group_15/srv/start_navigation_test.hpp
-- Up-to-date: /home/robotica/Robotica/Proyecto Final/src/install/group_15/include/group_15/group_15/srv/start_perception_test.hpp
-- Up-to-date: /home/robotica/Robotica/Proyecto Final/src/install/group_15/include/group_15/group_15
-- Up-to-date: /home/robotica/Robotica/Proyecto Final/src/install/group_15/include/group_15/group_15/msg
-- Up-to-date: /home/robotica/Robotica/Proyecto Final/src/install/group_15/include/group_15/group_15/msg/rosidl_typesupport_fastrtps_cpp__visibility_control.h
-- Up-to-date: /home/robotica/Robotica/Proyecto Final/src/install/group_15/include/group_15/group_15/srv
-- Up-to-date: /home/robotica/Robotica/Proyecto Final/src/install/group_15/include/group_15/group_15/srv/detail
-- Up-to-date: /home/robotica/Robotica/Proyecto Final/src/install/group_15/include/group_15/group_15/srv/detail/dds_fastrtps
-- Up-to-date: /home/robotica/Robotica/Proyecto Final/src/install/group_15/include/group_15/group_15/srv/detail/start_manipulation_test__rosidl_typesupport_fastrtps_cpp.hpp
-- Up-to-date: /home/robotica/Robotica/Proyecto Final/src/install/group_15/include/group_15/group_15/srv/detail/start_navigation_test__rosidl_typesupport_fastrtps_cpp.hpp
-- Up-to-date: /home/robotica/Robotica/Proyecto Final/src/install/group_15/include/group_15/group_15/srv/detail/start_perception_test__rosidl_typesupport_fastrtps_cpp.hpp
-- Up-to-date: /home/robotica/Robotica/Proyecto Final/src/install/group_15/lib/libgroup_15__rosidl_typesupport_fastrtps_cpp.so
-- Up-to-date: /home/robotica/Robotica/Proyecto Final/src/install/group_15/include/group_15/group_15
-- Up-to-date: /home/robotica/Robotica/Proyecto Final/src/install/group_15/include/group_15/group_15/srv
-- Up-to-date: /home/robotica/Robotica/Proyecto Final/src/install/group_15/include/group_15/group_15/srv/detail
-- Up-to-date: /home/robotica/Robotica/Proyecto Final/src/install/group_15/include/group_15/group_15/srv/detail/start_manipulation_test__rosidl_typesupport_introspection_cpp.hpp
-- Up-to-date: /home/robotica/Robotica/Proyecto Final/src/install/group_15/include/group_15/group_15/srv/detail/start_manipulation_test__type_support.cpp
-- Up-to-date: /home/robotica/Robotica/Proyecto Final/src/install/group_15/include/group_15/group_15/srv/detail/start_navigation_test__rosidl_typesupport_introspection_cpp.hpp
-- Up-to-date: /home/robotica/Robotica/Proyecto Final/src/install/group_15/include/group_15/group_15/srv/detail/start_navigation_test__type_support.cpp
-- Up-to-date: /home/robotica/Robotica/Proyecto Final/src/install/group_15/include/group_15/group_15/srv/detail/start_perception_test__rosidl_typesupport_introspection_cpp.hpp
-- Up-to-date: /home/robotica/Robotica/Proyecto Final/src/install/group_15/include/group_15/group_15/srv/detail/start_perception_test__type_support.cpp
-- Up-to-date: /home/robotica/Robotica/Proyecto Final/src/install/group_15/lib/libgroup_15__rosidl_typesupport_introspection_cpp.so
-- Installing: /home/robotica/Robotica/Proyecto Final/src/install/group_15/lib/libgroup_15__rosidl_typesupport_cpp.so
-- Set runtime path of "/home/robotica/Robotica/Proyecto Final/src/install/group_15/lib/libgroup_15__rosidl_typesupport_cpp.so" to ""
-- Up-to-date: /home/robotica/Robotica/Proyecto Final/src/install/group_15/share/group_15/environment/pythonpath.sh
-- Installing: /home/robotica/Robotica/Proyecto Final/src/install/group_15/share/group_15/environment/pythonpath.dsv
-- Up-to-date: /home/robotica/Robotica/Proyecto Final/src/install/group_15/local/lib/python3.10/dist-packages/group_15-0.0.0-py3.10.egg-info
-- Installing: /home/robotica/Robotica/Proyecto Final/src/install/group_15/local/lib/python3.10/dist-packages/group_15-0.0.0-py3.10.egg-info/dependency_links.txt
-- Installing: /home/robotica/Robotica/Proyecto Final/src/install/group_15/local/lib/python3.10/dist-packages/group_15-0.0.0-py3.10.egg-info/PKG-INFO
-- Installing: /home/robotica/Robotica/Proyecto Final/src/install/group_15/local/lib/python3.10/dist-packages/group_15-0.0.0-py3.10.egg-info/SOURCES.txt
-- Installing: /home/robotica/Robotica/Proyecto Final/src/install/group_15/local/lib/python3.10/dist-packages/group_15-0.0.0-py3.10.egg-info/top_level.txt
-- Up-to-date: /home/robotica/Robotica/Proyecto Final/src/install/group_15/local/lib/python3.10/dist-packages/group_15
-- Installing: /home/robotica/Robotica/Proyecto Final/src/install/group_15/local/lib/python3.10/dist-packages/group_15/group_15_s__rosidl_typesupport_c.cpython-310-x86_64-linux-gnu.so
-- Installing: /home/robotica/Robotica/Proyecto Final/src/install/group_15/local/lib/python3.10/dist-packages/group_15/group_15_s__rosidl_typesupport_fastrtps_c.cpython-310-x86_64-linux-gnu.so
-- Installing: /home/robotica/Robotica/Proyecto Final/src/install/group_15/local/lib/python3.10/dist-packages/group_15/group_15_s__rosidl_typesupport_introspection_c.cpython-310-x86_64-linux-gnu.so
-- Installing: /home/robotica/Robotica/Proyecto Final/src/install/group_15/local/lib/python3.10/dist-packages/group_15/libgroup_15__rosidl_generator_py.so
-- Up-to-date: /home/robotica/Robotica/Proyecto Final/src/install/group_15/local/lib/python3.10/dist-packages/group_15/srv
-- Up-to-date: /home/robotica/Robotica/Proyecto Final/src/install/group_15/local/lib/python3.10/dist-packages/group_15/srv/_start_manipulation_test.py
-- Up-to-date: /home/robotica/Robotica/Proyecto Final/src/install/group_15/local/lib/python3.10/dist-packages/group_15/srv/_start_manipulation_test_s.c
-- Up-to-date: /home/robotica/Robotica/Proyecto Final/src/install/group_15/local/lib/python3.10/dist-packages/group_15/srv/_start_navigation_test.py
-- Up-to-date: /home/robotica/Robotica/Proyecto Final/src/install/group_15/local/lib/python3.10/dist-packages/group_15/srv/_start_navigation_test_s.c
-- Up-to-date: /home/robotica/Robotica/Proyecto Final/src/install/group_15/local/lib/python3.10/dist-packages/group_15/srv/_start_perception_test.py
-- Up-to-date: /home/robotica/Robotica/Proyecto Final/src/install/group_15/local/lib/python3.10/dist-packages/group_15/srv/_start_perception_test_s.c
-- Up-to-date: /home/robotica/Robotica/Proyecto Final/src/install/group_15/local/lib/python3.10/dist-packages/group_15/srv/__init__.py
-- Up-to-date: /home/robotica/Robotica/Proyecto Final/src/install/group_15/local/lib/python3.10/dist-packages/group_15/_group_15_s.ep.rosidl_typesupport_c.c
-- Up-to-date: /home/robotica/Robotica/Proyecto Final/src/install/group_15/local/lib/python3.10/dist-packages/group_15/_group_15_s.ep.rosidl_typesupport_fastrtps_c.c
-- Up-to-date: /home/robotica/Robotica/Proyecto Final/src/install/group_15/local/lib/python3.10/dist-packages/group_15/_group_15_s.ep.rosidl_typesupport_introspection_c.c
-- Installing: /home/robotica/Robotica/Proyecto Final/src/install/group_15/local/lib/python3.10/dist-packages/group_15/__init__.py
Listing '/home/robotica/Robotica/Proyecto Final/src/install/group_15/local/lib/python3.10/dist-packages/group_15'...
Compiling '/home/robotica/Robotica/Proyecto Final/src/install/group_15/local/lib/python3.10/dist-packages/group_15/__init__.py'...
Listing '/home/robotica/Robotica/Proyecto Final/src/install/group_15/local/lib/python3.10/dist-packages/group_15/srv'...
-- Installing: /home/robotica/Robotica/Proyecto Final/src/install/group_15/local/lib/python3.10/dist-packages/group_15/group_15_s__rosidl_typesupport_fastrtps_c.cpython-310-x86_64-linux-gnu.so
-- Set runtime path of "/home/robotica/Robotica/Proyecto Final/src/install/group_15/local/lib/python3.10/dist-packages/group_15/group_15_s__rosidl_typesupport_fastrtps_c.cpython-310-x86_64-linux-gnu.so" to ""
-- Installing: /home/robotica/Robotica/Proyecto Final/src/install/group_15/local/lib/python3.10/dist-packages/group_15/group_15_s__rosidl_typesupport_introspection_c.cpython-310-x86_64-linux-gnu.so
-- Set runtime path of "/home/robotica/Robotica/Proyecto Final/src/install/group_15/local/lib/python3.10/dist-packages/group_15/group_15_s__rosidl_typesupport_introspection_c.cpython-310-x86_64-linux-gnu.so" to ""
-- Installing: /home/robotica/Robotica/Proyecto Final/src/install/group_15/local/lib/python3.10/dist-packages/group_15/group_15_s__rosidl_typesupport_c.cpython-310-x86_64-linux-gnu.so
-- Set runtime path of "/home/robotica/Robotica/Proyecto Final/src/install/group_15/local/lib/python3.10/dist-packages/group_15/group_15_s__rosidl_typesupport_c.cpython-310-x86_64-linux-gnu.so" to ""
-- Installing: /home/robotica/Robotica/Proyecto Final/src/install/group_15/lib/libgroup_15__rosidl_generator_py.so
-- Set runtime path of "/home/robotica/Robotica/Proyecto Final/src/install/group_15/lib/libgroup_15__rosidl_generator_py.so" to ""
-- Up-to-date: /home/robotica/Robotica/Proyecto Final/src/install/group_15/share/group_15/srv/StartManipulationTest.idl
-- Up-to-date: /home/robotica/Robotica/Proyecto Final/src/install/group_15/share/group_15/srv/StartPerceptionTest.idl
-- Up-to-date: /home/robotica/Robotica/Proyecto Final/src/install/group_15/share/group_15/srv/StartNavigationTest.idl
-- Up-to-date: /home/robotica/Robotica/Proyecto Final/src/install/group_15/share/group_15/srv/StartManipulationTest.srv
-- Up-to-date: /home/robotica/Robotica/Proyecto Final/src/install/group_15/share/group_15/srv/StartManipulationTest_Request.msg
-- Up-to-date: /home/robotica/Robotica/Proyecto Final/src/install/group_15/share/group_15/srv/StartManipulationTest_Response.msg
-- Up-to-date: /home/robotica/Robotica/Proyecto Final/src/install/group_15/share/group_15/srv/StartPerceptionTest.srv
-- Up-to-date: /home/robotica/Robotica/Proyecto Final/src/install/group_15/share/group_15/srv/StartPerceptionTest_Request.msg
-- Up-to-date: /home/robotica/Robotica/Proyecto Final/src/install/group_15/share/group_15/srv/StartPerceptionTest_Response.msg
-- Up-to-date: /home/robotica/Robotica/Proyecto Final/src/install/group_15/share/group_15/srv/StartNavigationTest.srv
-- Up-to-date: /home/robotica/Robotica/Proyecto Final/src/install/group_15/share/group_15/srv/StartNavigationTest_Request.msg
-- Up-to-date: /home/robotica/Robotica/Proyecto Final/src/install/group_15/share/group_15/srv/StartNavigationTest_Response.msg
-- Up-to-date: /home/robotica/Robotica/Proyecto Final/src/install/group_15/share/ament_index/resource_index/package_run_dependencies/group_15
-- Installing: /home/robotica/Robotica/Proyecto Final/src/install/group_15/share/ament_index/resource_index/parent_prefix_path/group_15
-- Up-to-date: /home/robotica/Robotica/Proyecto Final/src/install/group_15/share/group_15/environment/ament_prefix_path.sh
-- Installing: /home/robotica/Robotica/Proyecto Final/src/install/group_15/share/group_15/environment/ament_prefix_path.dsv
-- Up-to-date: /home/robotica/Robotica/Proyecto Final/src/install/group_15/share/group_15/environment/path.sh
-- Installing: /home/robotica/Robotica/Proyecto Final/src/install/group_15/share/group_15/environment/path.dsv
-- Up-to-date: /home/robotica/Robotica/Proyecto Final/src/install/group_15/share/group_15/local_setup.bash
-- Up-to-date: /home/robotica/Robotica/Proyecto Final/src/install/group_15/share/group_15/local_setup.sh
-- Up-to-date: /home/robotica/Robotica/Proyecto Final/src/install/group_15/share/group_15/local_setup.zsh
-- Installing: /home/robotica/Robotica/Proyecto Final/src/install/group_15/share/group_15/local_setup.dsv
-- Installing: /home/robotica/Robotica/Proyecto Final/src/install/group_15/share/group_15/package.dsv
-- Up-to-date: /home/robotica/Robotica/Proyecto Final/src/install/group_15/share/ament_index/resource_index/packages/group_15
-- Up-to-date: /home/robotica/Robotica/Proyecto Final/src/install/group_15/share/group_15/cmake/export_group_15__rosidl_generator_cExport.cmake
-- Up-to-date: /home/robotica/Robotica/Proyecto Final/src/install/group_15/share/group_15/cmake/export_group_15__rosidl_generator_cExport-noconfig.cmake
-- Up-to-date: /home/robotica/Robotica/Proyecto Final/src/install/group_15/share/group_15/cmake/export_group_15__rosidl_typesupport_fastrtps_cExport.cmake
-- Up-to-date: /home/robotica/Robotica/Proyecto Final/src/install/group_15/share/group_15/cmake/export_group_15__rosidl_typesupport_fastrtps_cExport-noconfig.cmake
-- Up-to-date: /home/robotica/Robotica/Proyecto Final/src/install/group_15/share/group_15/cmake/group_15__rosidl_typesupport_introspection_cExport.cmake
-- Up-to-date: /home/robotica/Robotica/Proyecto Final/src/install/group_15/share/group_15/cmake/group_15__rosidl_typesupport_introspection_cExport-noconfig.cmake
-- Up-to-date: /home/robotica/Robotica/Proyecto Final/src/install/group_15/share/group_15/cmake/group_15__rosidl_typesupport_cExport.cmake
-- Up-to-date: /home/robotica/Robotica/Proyecto Final/src/install/group_15/share/group_15/cmake/group_15__rosidl_typesupport_cExport-noconfig.cmake
-- Up-to-date: /home/robotica/Robotica/Proyecto Final/src/install/group_15/share/group_15/cmake/export_group_15__rosidl_generator_cppExport.cmake
-- Up-to-date: /home/robotica/Robotica/Proyecto Final/src/install/group_15/share/group_15/cmake/export_group_15__rosidl_typesupport_fastrtps_cppExport.cmake
-- Up-to-date: /home/robotica/Robotica/Proyecto Final/src/install/group_15/share/group_15/cmake/export_group_15__rosidl_typesupport_fastrtps_cppExport-noconfig.cmake
-- Up-to-date: /home/robotica/Robotica/Proyecto Final/src/install/group_15/share/group_15/cmake/group_15__rosidl_typesupport_introspection_cppExport.cmake
-- Up-to-date: /home/robotica/Robotica/Proyecto Final/src/install/group_15/share/group_15/cmake/group_15__rosidl_typesupport_introspection_cppExport-noconfig.cmake
-- Up-to-date: /home/robotica/Robotica/Proyecto Final/src/install/group_15/share/group_15/cmake/group_15__rosidl_typesupport_cppExport.cmake
-- Up-to-date: /home/robotica/Robotica/Proyecto Final/src/install/group_15/share/group_15/cmake/group_15__rosidl_typesupport_cppExport-noconfig.cmake
-- Up-to-date: /home/robotica/Robotica/Proyecto Final/src/install/group_15/share/group_15/cmake/export_group_15__rosidl_generator_pyExport.cmake
-- Up-to-date: /home/robotica/Robotica/Proyecto Final/src/install/group_15/share/group_15/cmake/export_group_15__rosidl_generator_pyExport-noconfig.cmake
-- Up-to-date: /home/robotica/Robotica/Proyecto Final/src/install/group_15/share/group_15/cmake/rosidl_cmake-extras.cmake
-- Up-to-date: /home/robotica/Robotica/Proyecto Final/src/install/group_15/share/group_15/cmake/ament_cmake_export_include_directories-extras.cmake
-- Up-to-date: /home/robotica/Robotica/Proyecto Final/src/install/group_15/share/group_15/cmake/ament_cmake_export_libraries-extras.cmake
-- Up-to-date: /home/robotica/Robotica/Proyecto Final/src/install/group_15/share/group_15/cmake/ament_cmake_export_targets-extras.cmake
-- Up-to-date: /home/robotica/Robotica/Proyecto Final/src/install/group_15/share/group_15/cmake/rosidl_cmake_export_typesupport_targets-extras.cmake
-- Up-to-date: /home/robotica/Robotica/Proyecto Final/src/install/group_15/share/group_15/cmake/ament_cmake_export_dependencies-extras.cmake
-- Up-to-date: /home/robotica/Robotica/Proyecto Final/src/install/group_15/share/group_15/cmake/rosidl_cmake_export_typesupport_libraries-extras.cmake
-- Up-to-date: /home/robotica/Robotica/Proyecto Final/src/install/group_15/share/group_15/cmake/group_15Config.cmake
-- Up-to-date: /home/robotica/Robotica/Proyecto Final/src/install/group_15/share/group_15/cmake/group_15Config-version.cmake
-- Installing: /home/robotica/Robotica/Proyecto Final/src/install/group_15/share/group_15/package.xml
