[0.877s] DEBUG:colcon:Command line arguments: ['/usr/bin/colcon', 'build']
[0.879s] DEBUG:colcon:Parsed command line arguments: Namespace(log_base=None, log_level=None, verb_name='build', build_base='build', install_base='install', merge_install=False, symlink_install=False, test_result_base=None, continue_on_error=False, executor='parallel', parallel_workers=4, event_handlers=None, ignore_user_meta=False, metas=['./colcon.meta'], base_paths=['.'], packages_ignore=None, packages_ignore_regex=None, paths=None, packages_up_to=None, packages_up_to_regex=None, packages_above=None, packages_above_and_dependencies=None, packages_above_depth=None, packages_select_by_dep=None, packages_skip_by_dep=None, packages_skip_up_to=None, packages_select_build_failed=False, packages_skip_build_finished=False, packages_select_test_failures=False, packages_skip_test_passed=False, packages_select=None, packages_skip=None, packages_select_regex=None, packages_skip_regex=None, packages_start=None, packages_end=None, allow_overriding=[], cmake_args=None, cmake_target=None, cmake_target_skip_unavailable=False, cmake_clean_cache=False, cmake_clean_first=False, cmake_force_configure=False, ament_cmake_args=None, catkin_cmake_args=None, catkin_skip_building_tests=False, verb_parser=<colcon_defaults.argument_parser.defaults.DefaultArgumentsDecorator object at 0x7f79e83dc670>, verb_extension=<colcon_core.verb.build.BuildVerb object at 0x7f79e8bf5ed0>, main=<bound method BuildVerb.main of <colcon_core.verb.build.BuildVerb object at 0x7f79e8bf5ed0>>)
[0.969s] Level 1:colcon.colcon_core.package_discovery:discover_packages(colcon_meta) check parameters
[0.971s] Level 1:colcon.colcon_core.package_discovery:discover_packages(recursive) check parameters
[0.972s] Level 1:colcon.colcon_core.package_discovery:discover_packages(ignore) check parameters
[0.972s] Level 1:colcon.colcon_core.package_discovery:discover_packages(path) check parameters
[0.973s] Level 1:colcon.colcon_core.package_discovery:discover_packages(colcon_meta) discover
[0.974s] Level 1:colcon.colcon_core.package_discovery:discover_packages(recursive) discover
[0.975s] INFO:colcon.colcon_core.package_discovery:Crawling recursively for packages in '/home/robotica/Robotica/Proyecto Final/src'
[0.978s] Level 1:colcon.colcon_core.package_identification:_identify(.) by extensions ['ignore', 'ignore_ament_install']
[0.978s] Level 1:colcon.colcon_core.package_identification:_identify(.) by extension 'ignore'
[0.980s] Level 1:colcon.colcon_core.package_identification:_identify(.) by extension 'ignore_ament_install'
[0.982s] Level 1:colcon.colcon_core.package_identification:_identify(.) by extensions ['colcon_pkg']
[0.983s] Level 1:colcon.colcon_core.package_identification:_identify(.) by extension 'colcon_pkg'
[0.984s] Level 1:colcon.colcon_core.package_identification:_identify(.) by extensions ['colcon_meta']
[0.985s] Level 1:colcon.colcon_core.package_identification:_identify(.) by extension 'colcon_meta'
[0.985s] Level 1:colcon.colcon_core.package_identification:_identify(.) by extensions ['ros']
[0.986s] Level 1:colcon.colcon_core.package_identification:_identify(.) by extension 'ros'
[1.014s] Level 1:colcon.colcon_core.package_identification:_identify(.) by extensions ['cmake', 'python']
[1.019s] Level 1:colcon.colcon_core.package_identification:_identify(.) by extension 'cmake'
[1.021s] Level 1:colcon.colcon_core.package_identification:_identify(.) by extension 'python'
[1.023s] Level 1:colcon.colcon_core.package_identification:_identify(.) by extensions ['python_setup_py']
[1.023s] Level 1:colcon.colcon_core.package_identification:_identify(.) by extension 'python_setup_py'
[1.026s] Level 1:colcon.colcon_core.package_identification:_identify(build) by extensions ['ignore', 'ignore_ament_install']
[1.027s] Level 1:colcon.colcon_core.package_identification:_identify(build) by extension 'ignore'
[1.028s] Level 1:colcon.colcon_core.package_identification:_identify(build) ignored
[1.031s] Level 1:colcon.colcon_core.package_identification:_identify(group_15) by extensions ['ignore', 'ignore_ament_install']
[1.032s] Level 1:colcon.colcon_core.package_identification:_identify(group_15) by extension 'ignore'
[1.033s] Level 1:colcon.colcon_core.package_identification:_identify(group_15) by extension 'ignore_ament_install'
[1.038s] Level 1:colcon.colcon_core.package_identification:_identify(group_15) by extensions ['colcon_pkg']
[1.040s] Level 1:colcon.colcon_core.package_identification:_identify(group_15) by extension 'colcon_pkg'
[1.041s] Level 1:colcon.colcon_core.package_identification:_identify(group_15) by extensions ['colcon_meta']
[1.043s] Level 1:colcon.colcon_core.package_identification:_identify(group_15) by extension 'colcon_meta'
[1.043s] Level 1:colcon.colcon_core.package_identification:_identify(group_15) by extensions ['ros']
[1.056s] Level 1:colcon.colcon_core.package_identification:_identify(group_15) by extension 'ros'
[1.067s] DEBUG:colcon.colcon_core.package_identification:Package 'group_15' with type 'ros.ament_cmake' and name 'group_15'
[1.070s] Level 1:colcon.colcon_core.package_identification:_identify(install) by extensions ['ignore', 'ignore_ament_install']
[1.102s] Level 1:colcon.colcon_core.package_identification:_identify(install) by extension 'ignore'
[1.114s] Level 1:colcon.colcon_core.package_identification:_identify(install) ignored
[1.132s] Level 1:colcon.colcon_core.package_identification:_identify(log) by extensions ['ignore', 'ignore_ament_install']
[1.135s] Level 1:colcon.colcon_core.package_identification:_identify(log) by extension 'ignore'
[1.136s] Level 1:colcon.colcon_core.package_identification:_identify(log) ignored
[1.140s] Level 1:colcon.colcon_core.package_identification:_identify(robot_proyecto_15) by extensions ['ignore', 'ignore_ament_install']
[1.140s] Level 1:colcon.colcon_core.package_identification:_identify(robot_proyecto_15) by extension 'ignore'
[1.141s] Level 1:colcon.colcon_core.package_identification:_identify(robot_proyecto_15) by extension 'ignore_ament_install'
[1.144s] Level 1:colcon.colcon_core.package_identification:_identify(robot_proyecto_15) by extensions ['colcon_pkg']
[1.144s] Level 1:colcon.colcon_core.package_identification:_identify(robot_proyecto_15) by extension 'colcon_pkg'
[1.146s] Level 1:colcon.colcon_core.package_identification:_identify(robot_proyecto_15) by extensions ['colcon_meta']
[1.147s] Level 1:colcon.colcon_core.package_identification:_identify(robot_proyecto_15) by extension 'colcon_meta'
[1.147s] Level 1:colcon.colcon_core.package_identification:_identify(robot_proyecto_15) by extensions ['ros']
[1.148s] Level 1:colcon.colcon_core.package_identification:_identify(robot_proyecto_15) by extension 'ros'
[1.154s] DEBUG:colcon.colcon_core.package_identification:Package 'robot_proyecto_15' with type 'ros.ament_python' and name 'robot_proyecto_15'
[1.155s] Level 1:colcon.colcon_core.package_discovery:discover_packages(recursive) using defaults
[1.156s] Level 1:colcon.colcon_core.package_discovery:discover_packages(ignore) discover
[1.157s] Level 1:colcon.colcon_core.package_discovery:discover_packages(ignore) using defaults
[1.158s] Level 1:colcon.colcon_core.package_discovery:discover_packages(path) discover
[1.160s] Level 1:colcon.colcon_core.package_discovery:discover_packages(path) using defaults
[1.230s] Level 1:colcon.colcon_core.package_discovery:discover_packages(prefix_path) check parameters
[1.230s] Level 1:colcon.colcon_core.package_discovery:discover_packages(prefix_path) discover
[1.263s] DEBUG:colcon.colcon_installed_package_information.package_discovery:Found 1 installed packages in /home/robotica/Robotica/Proyecto Final/install
[1.271s] DEBUG:colcon.colcon_installed_package_information.package_discovery:Found 313 installed packages in /opt/ros/humble
[1.276s] Level 1:colcon.colcon_core.package_discovery:discover_packages(prefix_path) using defaults
[1.432s] Level 5:colcon.colcon_core.verb:set package 'group_15' build argument 'cmake_args' from command line to 'None'
[1.432s] Level 5:colcon.colcon_core.verb:set package 'group_15' build argument 'cmake_target' from command line to 'None'
[1.433s] Level 5:colcon.colcon_core.verb:set package 'group_15' build argument 'cmake_target_skip_unavailable' from command line to 'False'
[1.434s] Level 5:colcon.colcon_core.verb:set package 'group_15' build argument 'cmake_clean_cache' from command line to 'False'
[1.434s] Level 5:colcon.colcon_core.verb:set package 'group_15' build argument 'cmake_clean_first' from command line to 'False'
[1.435s] Level 5:colcon.colcon_core.verb:set package 'group_15' build argument 'cmake_force_configure' from command line to 'False'
[1.435s] Level 5:colcon.colcon_core.verb:set package 'group_15' build argument 'ament_cmake_args' from command line to 'None'
[1.436s] Level 5:colcon.colcon_core.verb:set package 'group_15' build argument 'catkin_cmake_args' from command line to 'None'
[1.437s] Level 5:colcon.colcon_core.verb:set package 'group_15' build argument 'catkin_skip_building_tests' from command line to 'False'
[1.438s] DEBUG:colcon.colcon_core.verb:Building package 'group_15' with the following arguments: {'ament_cmake_args': None, 'build_base': '/home/robotica/Robotica/Proyecto Final/src/build/group_15', 'catkin_cmake_args': None, 'catkin_skip_building_tests': False, 'cmake_args': None, 'cmake_clean_cache': False, 'cmake_clean_first': False, 'cmake_force_configure': False, 'cmake_target': None, 'cmake_target_skip_unavailable': False, 'install_base': '/home/robotica/Robotica/Proyecto Final/src/install/group_15', 'merge_install': False, 'path': '/home/robotica/Robotica/Proyecto Final/src/group_15', 'symlink_install': False, 'test_result_base': None}
[1.440s] Level 5:colcon.colcon_core.verb:set package 'robot_proyecto_15' build argument 'cmake_args' from command line to 'None'
[1.441s] Level 5:colcon.colcon_core.verb:set package 'robot_proyecto_15' build argument 'cmake_target' from command line to 'None'
[1.442s] Level 5:colcon.colcon_core.verb:set package 'robot_proyecto_15' build argument 'cmake_target_skip_unavailable' from command line to 'False'
[1.443s] Level 5:colcon.colcon_core.verb:set package 'robot_proyecto_15' build argument 'cmake_clean_cache' from command line to 'False'
[1.444s] Level 5:colcon.colcon_core.verb:set package 'robot_proyecto_15' build argument 'cmake_clean_first' from command line to 'False'
[1.444s] Level 5:colcon.colcon_core.verb:set package 'robot_proyecto_15' build argument 'cmake_force_configure' from command line to 'False'
[1.445s] Level 5:colcon.colcon_core.verb:set package 'robot_proyecto_15' build argument 'ament_cmake_args' from command line to 'None'
[1.446s] Level 5:colcon.colcon_core.verb:set package 'robot_proyecto_15' build argument 'catkin_cmake_args' from command line to 'None'
[1.447s] Level 5:colcon.colcon_core.verb:set package 'robot_proyecto_15' build argument 'catkin_skip_building_tests' from command line to 'False'
[1.448s] DEBUG:colcon.colcon_core.verb:Building package 'robot_proyecto_15' with the following arguments: {'ament_cmake_args': None, 'build_base': '/home/robotica/Robotica/Proyecto Final/src/build/robot_proyecto_15', 'catkin_cmake_args': None, 'catkin_skip_building_tests': False, 'cmake_args': None, 'cmake_clean_cache': False, 'cmake_clean_first': False, 'cmake_force_configure': False, 'cmake_target': None, 'cmake_target_skip_unavailable': False, 'install_base': '/home/robotica/Robotica/Proyecto Final/src/install/robot_proyecto_15', 'merge_install': False, 'path': '/home/robotica/Robotica/Proyecto Final/src/robot_proyecto_15', 'symlink_install': False, 'test_result_base': None}
[1.455s] INFO:colcon.colcon_core.executor:Executing jobs using 'parallel' executor
[1.463s] DEBUG:colcon.colcon_parallel_executor.executor.parallel:run_until_complete
[1.465s] INFO:colcon.colcon_ros.task.ament_cmake.build:Building ROS package in '/home/robotica/Robotica/Proyecto Final/src/group_15' with build type 'ament_cmake'
[1.466s] INFO:colcon.colcon_cmake.task.cmake.build:Building CMake package in '/home/robotica/Robotica/Proyecto Final/src/group_15'
[1.481s] INFO:colcon.colcon_core.plugin_system:Skipping extension 'colcon_core.shell.bat': Not used on non-Windows systems
[1.483s] INFO:colcon.colcon_core.shell:Skip shell extension 'powershell' for command environment: Not usable outside of PowerShell
[1.484s] DEBUG:colcon.colcon_core.shell:Skip shell extension 'dsv' for command environment
[1.770s] DEBUG:colcon.colcon_core.event_handler.log_command:Invoking command in '/home/robotica/Robotica/Proyecto Final/src/build/group_15': CMAKE_PREFIX_PATH=${CMAKE_PREFIX_PATH}:/opt/ros/humble /usr/bin/cmake --build /home/robotica/Robotica/Proyecto Final/src/build/group_15 -- -j4 -l4
[23.686s] DEBUG:colcon.colcon_core.event_handler.log_command:Invoked command in '/home/robotica/Robotica/Proyecto Final/src/build/group_15' returned '0': CMAKE_PREFIX_PATH=${CMAKE_PREFIX_PATH}:/opt/ros/humble /usr/bin/cmake --build /home/robotica/Robotica/Proyecto Final/src/build/group_15 -- -j4 -l4
[24.626s] DEBUG:colcon.colcon_core.event_handler.log_command:Invoking command in '/home/robotica/Robotica/Proyecto Final/src/build/group_15': CMAKE_PREFIX_PATH=${CMAKE_PREFIX_PATH}:/opt/ros/humble /usr/bin/cmake --install /home/robotica/Robotica/Proyecto Final/src/build/group_15
[27.490s] Level 1:colcon.colcon_core.environment:create_environment_scripts_only(group_15)
[27.495s] DEBUG:colcon.colcon_core.event_handler.log_command:Invoked command in '/home/robotica/Robotica/Proyecto Final/src/build/group_15' returned '0': CMAKE_PREFIX_PATH=${CMAKE_PREFIX_PATH}:/opt/ros/humble /usr/bin/cmake --install /home/robotica/Robotica/Proyecto Final/src/build/group_15
[27.518s] Level 1:colcon.colcon_core.environment:checking '/home/robotica/Robotica/Proyecto Final/src/install/group_15' for CMake module files
[27.583s] Level 1:colcon.colcon_core.environment:checking '/home/robotica/Robotica/Proyecto Final/src/install/group_15' for CMake config files
[27.662s] Level 1:colcon.colcon_core.shell:create_environment_hook('group_15', 'cmake_prefix_path')
[27.666s] INFO:colcon.colcon_core.shell:Creating environment hook '/home/robotica/Robotica/Proyecto Final/src/install/group_15/share/group_15/hook/cmake_prefix_path.ps1'
[27.673s] INFO:colcon.colcon_core.shell:Creating environment descriptor '/home/robotica/Robotica/Proyecto Final/src/install/group_15/share/group_15/hook/cmake_prefix_path.dsv'
[27.680s] INFO:colcon.colcon_core.shell:Creating environment hook '/home/robotica/Robotica/Proyecto Final/src/install/group_15/share/group_15/hook/cmake_prefix_path.sh'
[27.692s] Level 1:colcon.colcon_core.environment:checking '/home/robotica/Robotica/Proyecto Final/src/install/group_15/lib'
[27.694s] Level 1:colcon.colcon_core.shell:create_environment_hook('group_15', 'ld_library_path_lib')
[27.698s] INFO:colcon.colcon_core.shell:Creating environment hook '/home/robotica/Robotica/Proyecto Final/src/install/group_15/share/group_15/hook/ld_library_path_lib.ps1'
[27.711s] INFO:colcon.colcon_core.shell:Creating environment descriptor '/home/robotica/Robotica/Proyecto Final/src/install/group_15/share/group_15/hook/ld_library_path_lib.dsv'
[27.721s] INFO:colcon.colcon_core.shell:Creating environment hook '/home/robotica/Robotica/Proyecto Final/src/install/group_15/share/group_15/hook/ld_library_path_lib.sh'
[27.728s] Level 1:colcon.colcon_core.environment:checking '/home/robotica/Robotica/Proyecto Final/src/install/group_15/bin'
[27.730s] Level 1:colcon.colcon_core.environment:checking '/home/robotica/Robotica/Proyecto Final/src/install/group_15/lib/pkgconfig/group_15.pc'
[27.733s] Level 1:colcon.colcon_core.environment:checking '/home/robotica/Robotica/Proyecto Final/src/install/group_15/lib/python3.10/site-packages'
[27.735s] Level 1:colcon.colcon_core.environment:checking '/home/robotica/Robotica/Proyecto Final/src/install/group_15/bin'
[27.739s] INFO:colcon.colcon_core.shell:Creating package script '/home/robotica/Robotica/Proyecto Final/src/install/group_15/share/group_15/package.ps1'
[27.746s] INFO:colcon.colcon_core.shell:Creating package descriptor '/home/robotica/Robotica/Proyecto Final/src/install/group_15/share/group_15/package.dsv'
[27.756s] INFO:colcon.colcon_core.shell:Creating package script '/home/robotica/Robotica/Proyecto Final/src/install/group_15/share/group_15/package.sh'
[27.763s] INFO:colcon.colcon_core.shell:Creating package script '/home/robotica/Robotica/Proyecto Final/src/install/group_15/share/group_15/package.bash'
[27.772s] INFO:colcon.colcon_core.shell:Creating package script '/home/robotica/Robotica/Proyecto Final/src/install/group_15/share/group_15/package.zsh'
[27.782s] Level 1:colcon.colcon_core.environment:create_file_with_runtime_dependencies(/home/robotica/Robotica/Proyecto Final/src/install/group_15/share/colcon-core/packages/group_15)
[29.005s] Level 1:colcon.colcon_core.environment:create_environment_scripts_only(group_15)
[29.012s] Level 1:colcon.colcon_core.environment:checking '/home/robotica/Robotica/Proyecto Final/src/install/group_15' for CMake module files
[29.112s] Level 1:colcon.colcon_core.environment:checking '/home/robotica/Robotica/Proyecto Final/src/install/group_15' for CMake config files
[29.207s] Level 1:colcon.colcon_core.shell:create_environment_hook('group_15', 'cmake_prefix_path')
[29.212s] INFO:colcon.colcon_core.shell:Creating environment hook '/home/robotica/Robotica/Proyecto Final/src/install/group_15/share/group_15/hook/cmake_prefix_path.ps1'
[29.220s] INFO:colcon.colcon_core.shell:Creating environment descriptor '/home/robotica/Robotica/Proyecto Final/src/install/group_15/share/group_15/hook/cmake_prefix_path.dsv'
[29.229s] INFO:colcon.colcon_core.shell:Creating environment hook '/home/robotica/Robotica/Proyecto Final/src/install/group_15/share/group_15/hook/cmake_prefix_path.sh'
[29.242s] Level 1:colcon.colcon_core.environment:checking '/home/robotica/Robotica/Proyecto Final/src/install/group_15/lib'
[29.245s] Level 1:colcon.colcon_core.shell:create_environment_hook('group_15', 'ld_library_path_lib')
[29.249s] INFO:colcon.colcon_core.shell:Creating environment hook '/home/robotica/Robotica/Proyecto Final/src/install/group_15/share/group_15/hook/ld_library_path_lib.ps1'
[29.259s] INFO:colcon.colcon_core.shell:Creating environment descriptor '/home/robotica/Robotica/Proyecto Final/src/install/group_15/share/group_15/hook/ld_library_path_lib.dsv'
[29.267s] INFO:colcon.colcon_core.shell:Creating environment hook '/home/robotica/Robotica/Proyecto Final/src/install/group_15/share/group_15/hook/ld_library_path_lib.sh'
[29.277s] Level 1:colcon.colcon_core.environment:checking '/home/robotica/Robotica/Proyecto Final/src/install/group_15/bin'
[29.280s] Level 1:colcon.colcon_core.environment:checking '/home/robotica/Robotica/Proyecto Final/src/install/group_15/lib/pkgconfig/group_15.pc'
[29.283s] Level 1:colcon.colcon_core.environment:checking '/home/robotica/Robotica/Proyecto Final/src/install/group_15/lib/python3.10/site-packages'
[29.285s] Level 1:colcon.colcon_core.environment:checking '/home/robotica/Robotica/Proyecto Final/src/install/group_15/bin'
[29.294s] INFO:colcon.colcon_core.shell:Creating package script '/home/robotica/Robotica/Proyecto Final/src/install/group_15/share/group_15/package.ps1'
[29.317s] INFO:colcon.colcon_core.shell:Creating package descriptor '/home/robotica/Robotica/Proyecto Final/src/install/group_15/share/group_15/package.dsv'
[29.330s] INFO:colcon.colcon_core.shell:Creating package script '/home/robotica/Robotica/Proyecto Final/src/install/group_15/share/group_15/package.sh'
[29.358s] INFO:colcon.colcon_core.shell:Creating package script '/home/robotica/Robotica/Proyecto Final/src/install/group_15/share/group_15/package.bash'
[29.368s] INFO:colcon.colcon_core.shell:Creating package script '/home/robotica/Robotica/Proyecto Final/src/install/group_15/share/group_15/package.zsh'
[29.377s] Level 1:colcon.colcon_core.environment:create_file_with_runtime_dependencies(/home/robotica/Robotica/Proyecto Final/src/install/group_15/share/colcon-core/packages/group_15)
[29.388s] INFO:colcon.colcon_ros.task.ament_python.build:Building ROS package in '/home/robotica/Robotica/Proyecto Final/src/robot_proyecto_15' with build type 'ament_python'
[29.391s] Level 1:colcon.colcon_core.shell:create_environment_hook('robot_proyecto_15', 'ament_prefix_path')
[29.395s] INFO:colcon.colcon_core.shell:Creating environment hook '/home/robotica/Robotica/Proyecto Final/src/install/robot_proyecto_15/share/robot_proyecto_15/hook/ament_prefix_path.ps1'
[29.435s] INFO:colcon.colcon_core.shell:Creating environment descriptor '/home/robotica/Robotica/Proyecto Final/src/install/robot_proyecto_15/share/robot_proyecto_15/hook/ament_prefix_path.dsv'
[29.443s] INFO:colcon.colcon_core.shell:Creating environment hook '/home/robotica/Robotica/Proyecto Final/src/install/robot_proyecto_15/share/robot_proyecto_15/hook/ament_prefix_path.sh'
[29.456s] INFO:colcon.colcon_core.shell:Skip shell extension 'powershell' for command environment: Not usable outside of PowerShell
[29.457s] DEBUG:colcon.colcon_core.shell:Skip shell extension 'dsv' for command environment
[30.312s] INFO:colcon.colcon_core.task.python.build:Building Python package in '/home/robotica/Robotica/Proyecto Final/src/robot_proyecto_15'
[30.318s] INFO:colcon.colcon_core.shell:Skip shell extension 'powershell' for command environment: Not usable outside of PowerShell
[30.319s] DEBUG:colcon.colcon_core.shell:Skip shell extension 'dsv' for command environment
[33.163s] DEBUG:colcon.colcon_core.event_handler.log_command:Invoking command in '/home/robotica/Robotica/Proyecto Final/src/robot_proyecto_15': AMENT_PREFIX_PATH=/home/robotica/Robotica/Proyecto Final/src/install/group_15:${AMENT_PREFIX_PATH} CMAKE_PREFIX_PATH=/home/robotica/Robotica/Proyecto Final/src/install/group_15:${CMAKE_PREFIX_PATH} LD_LIBRARY_PATH=/home/robotica/Robotica/Proyecto Final/src/install/group_15/lib:${LD_LIBRARY_PATH} PYTHONPATH=/home/robotica/Robotica/Proyecto Final/src/build/robot_proyecto_15/prefix_override:/home/robotica/Robotica/Proyecto Final/src/install/robot_proyecto_15/lib/python3.10/site-packages:/home/robotica/Robotica/Proyecto Final/src/install/group_15/local/lib/python3.10/dist-packages:${PYTHONPATH} /usr/bin/python3 setup.py egg_info --egg-base ../build/robot_proyecto_15 build --build-base /home/robotica/Robotica/Proyecto Final/src/build/robot_proyecto_15/build install --record /home/robotica/Robotica/Proyecto Final/src/build/robot_proyecto_15/install.log --single-version-externally-managed
[34.793s] Level 1:colcon.colcon_core.environment:checking '/home/robotica/Robotica/Proyecto Final/src/install/robot_proyecto_15' for CMake module files
[34.801s] DEBUG:colcon.colcon_core.event_handler.log_command:Invoked command in '/home/robotica/Robotica/Proyecto Final/src/robot_proyecto_15' returned '0': AMENT_PREFIX_PATH=/home/robotica/Robotica/Proyecto Final/src/install/group_15:${AMENT_PREFIX_PATH} CMAKE_PREFIX_PATH=/home/robotica/Robotica/Proyecto Final/src/install/group_15:${CMAKE_PREFIX_PATH} LD_LIBRARY_PATH=/home/robotica/Robotica/Proyecto Final/src/install/group_15/lib:${LD_LIBRARY_PATH} PYTHONPATH=/home/robotica/Robotica/Proyecto Final/src/build/robot_proyecto_15/prefix_override:/home/robotica/Robotica/Proyecto Final/src/install/robot_proyecto_15/lib/python3.10/site-packages:/home/robotica/Robotica/Proyecto Final/src/install/group_15/local/lib/python3.10/dist-packages:${PYTHONPATH} /usr/bin/python3 setup.py egg_info --egg-base ../build/robot_proyecto_15 build --build-base /home/robotica/Robotica/Proyecto Final/src/build/robot_proyecto_15/build install --record /home/robotica/Robotica/Proyecto Final/src/build/robot_proyecto_15/install.log --single-version-externally-managed
[34.841s] Level 1:colcon.colcon_core.environment:checking '/home/robotica/Robotica/Proyecto Final/src/install/robot_proyecto_15' for CMake config files
[34.910s] Level 1:colcon.colcon_core.environment:checking '/home/robotica/Robotica/Proyecto Final/src/install/robot_proyecto_15/lib'
[34.915s] Level 1:colcon.colcon_core.environment:checking '/home/robotica/Robotica/Proyecto Final/src/install/robot_proyecto_15/bin'
[34.917s] Level 1:colcon.colcon_core.environment:checking '/home/robotica/Robotica/Proyecto Final/src/install/robot_proyecto_15/lib/pkgconfig/robot_proyecto_15.pc'
[34.919s] Level 1:colcon.colcon_core.environment:checking '/home/robotica/Robotica/Proyecto Final/src/install/robot_proyecto_15/lib/python3.10/site-packages'
[34.920s] Level 1:colcon.colcon_core.shell:create_environment_hook('robot_proyecto_15', 'pythonpath')
[34.928s] INFO:colcon.colcon_core.shell:Creating environment hook '/home/robotica/Robotica/Proyecto Final/src/install/robot_proyecto_15/share/robot_proyecto_15/hook/pythonpath.ps1'
[34.942s] INFO:colcon.colcon_core.shell:Creating environment descriptor '/home/robotica/Robotica/Proyecto Final/src/install/robot_proyecto_15/share/robot_proyecto_15/hook/pythonpath.dsv'
[34.957s] INFO:colcon.colcon_core.shell:Creating environment hook '/home/robotica/Robotica/Proyecto Final/src/install/robot_proyecto_15/share/robot_proyecto_15/hook/pythonpath.sh'
[34.966s] Level 1:colcon.colcon_core.environment:checking '/home/robotica/Robotica/Proyecto Final/src/install/robot_proyecto_15/bin'
[34.967s] Level 1:colcon.colcon_core.environment:create_environment_scripts_only(robot_proyecto_15)
[34.972s] INFO:colcon.colcon_core.shell:Creating package script '/home/robotica/Robotica/Proyecto Final/src/install/robot_proyecto_15/share/robot_proyecto_15/package.ps1'
[34.978s] INFO:colcon.colcon_core.shell:Creating package descriptor '/home/robotica/Robotica/Proyecto Final/src/install/robot_proyecto_15/share/robot_proyecto_15/package.dsv'
[34.988s] INFO:colcon.colcon_core.shell:Creating package script '/home/robotica/Robotica/Proyecto Final/src/install/robot_proyecto_15/share/robot_proyecto_15/package.sh'
[34.998s] INFO:colcon.colcon_core.shell:Creating package script '/home/robotica/Robotica/Proyecto Final/src/install/robot_proyecto_15/share/robot_proyecto_15/package.bash'
[35.007s] INFO:colcon.colcon_core.shell:Creating package script '/home/robotica/Robotica/Proyecto Final/src/install/robot_proyecto_15/share/robot_proyecto_15/package.zsh'
[35.014s] Level 1:colcon.colcon_core.environment:create_file_with_runtime_dependencies(/home/robotica/Robotica/Proyecto Final/src/install/robot_proyecto_15/share/colcon-core/packages/robot_proyecto_15)
[35.035s] DEBUG:colcon.colcon_parallel_executor.executor.parallel:closing loop
[35.037s] DEBUG:colcon.colcon_parallel_executor.executor.parallel:loop closed
[35.040s] DEBUG:colcon.colcon_parallel_executor.executor.parallel:run_until_complete finished with '0'
[35.041s] DEBUG:colcon.colcon_core.event_reactor:joining thread
[35.083s] INFO:colcon.colcon_core.plugin_system:Skipping extension 'colcon_notification.desktop_notification.terminal_notifier': Not used on non-Darwin systems
[35.084s] INFO:colcon.colcon_core.plugin_system:Skipping extension 'colcon_notification.desktop_notification.win32': Not used on non-Windows systems
[35.086s] INFO:colcon.colcon_notification.desktop_notification:Sending desktop notification using 'notify2'
[35.130s] DEBUG:colcon.colcon_core.event_reactor:joined thread
[35.134s] INFO:colcon.colcon_core.shell:Creating prefix script '/home/robotica/Robotica/Proyecto Final/src/install/local_setup.ps1'
[35.144s] INFO:colcon.colcon_core.shell:Creating prefix util module '/home/robotica/Robotica/Proyecto Final/src/install/_local_setup_util_ps1.py'
[35.153s] INFO:colcon.colcon_core.shell:Creating prefix chain script '/home/robotica/Robotica/Proyecto Final/src/install/setup.ps1'
[35.167s] INFO:colcon.colcon_core.shell:Creating prefix script '/home/robotica/Robotica/Proyecto Final/src/install/local_setup.sh'
[35.174s] INFO:colcon.colcon_core.shell:Creating prefix util module '/home/robotica/Robotica/Proyecto Final/src/install/_local_setup_util_sh.py'
[35.182s] INFO:colcon.colcon_core.shell:Creating prefix chain script '/home/robotica/Robotica/Proyecto Final/src/install/setup.sh'
[35.197s] INFO:colcon.colcon_core.shell:Creating prefix script '/home/robotica/Robotica/Proyecto Final/src/install/local_setup.bash'
[35.205s] INFO:colcon.colcon_core.shell:Creating prefix chain script '/home/robotica/Robotica/Proyecto Final/src/install/setup.bash'
[35.241s] INFO:colcon.colcon_core.shell:Creating prefix script '/home/robotica/Robotica/Proyecto Final/src/install/local_setup.zsh'
[35.251s] INFO:colcon.colcon_core.shell:Creating prefix chain script '/home/robotica/Robotica/Proyecto Final/src/install/setup.zsh'
