[0.598s] DEBUG:colcon:Command line arguments: ['/usr/bin/colcon', 'build']
[0.600s] DEBUG:colcon:Parsed command line arguments: Namespace(log_base=None, log_level=None, verb_name='build', build_base='build', install_base='install', merge_install=False, symlink_install=False, test_result_base=None, continue_on_error=False, executor='parallel', parallel_workers=4, event_handlers=None, ignore_user_meta=False, metas=['./colcon.meta'], base_paths=['.'], packages_ignore=None, packages_ignore_regex=None, paths=None, packages_up_to=None, packages_up_to_regex=None, packages_above=None, packages_above_and_dependencies=None, packages_above_depth=None, packages_select_by_dep=None, packages_skip_by_dep=None, packages_skip_up_to=None, packages_select_build_failed=False, packages_skip_build_finished=False, packages_select_test_failures=False, packages_skip_test_passed=False, packages_select=None, packages_skip=None, packages_select_regex=None, packages_skip_regex=None, packages_start=None, packages_end=None, allow_overriding=[], cmake_args=None, cmake_target=None, cmake_target_skip_unavailable=False, cmake_clean_cache=False, cmake_clean_first=False, cmake_force_configure=False, ament_cmake_args=None, catkin_cmake_args=None, catkin_skip_building_tests=False, verb_parser=<colcon_defaults.argument_parser.defaults.DefaultArgumentsDecorator object at 0x7fe141ae0160>, verb_extension=<colcon_core.verb.build.BuildVerb object at 0x7fe1422ed9c0>, main=<bound method BuildVerb.main of <colcon_core.verb.build.BuildVerb object at 0x7fe1422ed9c0>>)
[0.667s] Level 1:colcon.colcon_core.package_discovery:discover_packages(colcon_meta) check parameters
[0.670s] Level 1:colcon.colcon_core.package_discovery:discover_packages(recursive) check parameters
[0.671s] Level 1:colcon.colcon_core.package_discovery:discover_packages(ignore) check parameters
[0.672s] Level 1:colcon.colcon_core.package_discovery:discover_packages(path) check parameters
[0.674s] Level 1:colcon.colcon_core.package_discovery:discover_packages(colcon_meta) discover
[0.675s] Level 1:colcon.colcon_core.package_discovery:discover_packages(recursive) discover
[0.676s] INFO:colcon.colcon_core.package_discovery:Crawling recursively for packages in '/home/robotica/Robotica/Proyecto Final'
[0.679s] Level 1:colcon.colcon_core.package_identification:_identify(.) by extensions ['ignore', 'ignore_ament_install']
[0.680s] Level 1:colcon.colcon_core.package_identification:_identify(.) by extension 'ignore'
[0.681s] Level 1:colcon.colcon_core.package_identification:_identify(.) by extension 'ignore_ament_install'
[0.684s] Level 1:colcon.colcon_core.package_identification:_identify(.) by extensions ['colcon_pkg']
[0.685s] Level 1:colcon.colcon_core.package_identification:_identify(.) by extension 'colcon_pkg'
[0.687s] Level 1:colcon.colcon_core.package_identification:_identify(.) by extensions ['colcon_meta']
[0.688s] Level 1:colcon.colcon_core.package_identification:_identify(.) by extension 'colcon_meta'
[0.688s] Level 1:colcon.colcon_core.package_identification:_identify(.) by extensions ['ros']
[0.689s] Level 1:colcon.colcon_core.package_identification:_identify(.) by extension 'ros'
[0.712s] Level 1:colcon.colcon_core.package_identification:_identify(.) by extensions ['cmake', 'python']
[0.713s] Level 1:colcon.colcon_core.package_identification:_identify(.) by extension 'cmake'
[0.714s] Level 1:colcon.colcon_core.package_identification:_identify(.) by extension 'python'
[0.715s] Level 1:colcon.colcon_core.package_identification:_identify(.) by extensions ['python_setup_py']
[0.716s] Level 1:colcon.colcon_core.package_identification:_identify(.) by extension 'python_setup_py'
[0.719s] Level 1:colcon.colcon_core.package_identification:_identify(build) by extensions ['ignore', 'ignore_ament_install']
[0.720s] Level 1:colcon.colcon_core.package_identification:_identify(build) by extension 'ignore'
[0.720s] Level 1:colcon.colcon_core.package_identification:_identify(build) ignored
[0.723s] Level 1:colcon.colcon_core.package_identification:_identify(install) by extensions ['ignore', 'ignore_ament_install']
[0.724s] Level 1:colcon.colcon_core.package_identification:_identify(install) by extension 'ignore'
[0.725s] Level 1:colcon.colcon_core.package_identification:_identify(install) ignored
[0.728s] Level 1:colcon.colcon_core.package_identification:_identify(log) by extensions ['ignore', 'ignore_ament_install']
[0.729s] Level 1:colcon.colcon_core.package_identification:_identify(log) by extension 'ignore'
[0.730s] Level 1:colcon.colcon_core.package_identification:_identify(log) ignored
[0.732s] Level 1:colcon.colcon_core.package_identification:_identify(src) by extensions ['ignore', 'ignore_ament_install']
[0.733s] Level 1:colcon.colcon_core.package_identification:_identify(src) by extension 'ignore'
[0.735s] Level 1:colcon.colcon_core.package_identification:_identify(src) by extension 'ignore_ament_install'
[0.738s] Level 1:colcon.colcon_core.package_identification:_identify(src) by extensions ['colcon_pkg']
[0.739s] Level 1:colcon.colcon_core.package_identification:_identify(src) by extension 'colcon_pkg'
[0.741s] Level 1:colcon.colcon_core.package_identification:_identify(src) by extensions ['colcon_meta']
[0.741s] Level 1:colcon.colcon_core.package_identification:_identify(src) by extension 'colcon_meta'
[0.742s] Level 1:colcon.colcon_core.package_identification:_identify(src) by extensions ['ros']
[0.742s] Level 1:colcon.colcon_core.package_identification:_identify(src) by extension 'ros'
[0.745s] Level 1:colcon.colcon_core.package_identification:_identify(src) by extensions ['cmake', 'python']
[0.745s] Level 1:colcon.colcon_core.package_identification:_identify(src) by extension 'cmake'
[0.746s] Level 1:colcon.colcon_core.package_identification:_identify(src) by extension 'python'
[0.748s] Level 1:colcon.colcon_core.package_identification:_identify(src) by extensions ['python_setup_py']
[0.749s] Level 1:colcon.colcon_core.package_identification:_identify(src) by extension 'python_setup_py'
[0.754s] Level 1:colcon.colcon_core.package_identification:_identify(src/group_15) by extensions ['ignore', 'ignore_ament_install']
[0.755s] Level 1:colcon.colcon_core.package_identification:_identify(src/group_15) by extension 'ignore'
[0.756s] Level 1:colcon.colcon_core.package_identification:_identify(src/group_15) by extension 'ignore_ament_install'
[0.758s] Level 1:colcon.colcon_core.package_identification:_identify(src/group_15) by extensions ['colcon_pkg']
[0.759s] Level 1:colcon.colcon_core.package_identification:_identify(src/group_15) by extension 'colcon_pkg'
[0.759s] Level 1:colcon.colcon_core.package_identification:_identify(src/group_15) by extensions ['colcon_meta']
[0.760s] Level 1:colcon.colcon_core.package_identification:_identify(src/group_15) by extension 'colcon_meta'
[0.760s] Level 1:colcon.colcon_core.package_identification:_identify(src/group_15) by extensions ['ros']
[0.760s] Level 1:colcon.colcon_core.package_identification:_identify(src/group_15) by extension 'ros'
[0.767s] DEBUG:colcon.colcon_core.package_identification:Package 'src/group_15' with type 'ros.ament_cmake' and name 'group_15'
[0.773s] Level 1:colcon.colcon_core.package_identification:_identify(src/install) by extensions ['ignore', 'ignore_ament_install']
[0.774s] Level 1:colcon.colcon_core.package_identification:_identify(src/install) by extension 'ignore'
[0.775s] Level 1:colcon.colcon_core.package_identification:_identify(src/install) ignored
[0.778s] Level 1:colcon.colcon_core.package_identification:_identify(src/log) by extensions ['ignore', 'ignore_ament_install']
[0.779s] Level 1:colcon.colcon_core.package_identification:_identify(src/log) by extension 'ignore'
[0.780s] Level 1:colcon.colcon_core.package_identification:_identify(src/log) ignored
[0.783s] Level 1:colcon.colcon_core.package_identification:_identify(src/robot_proyecto_15) by extensions ['ignore', 'ignore_ament_install']
[0.784s] Level 1:colcon.colcon_core.package_identification:_identify(src/robot_proyecto_15) by extension 'ignore'
[0.785s] Level 1:colcon.colcon_core.package_identification:_identify(src/robot_proyecto_15) by extension 'ignore_ament_install'
[0.795s] Level 1:colcon.colcon_core.package_identification:_identify(src/robot_proyecto_15) by extensions ['colcon_pkg']
[0.796s] Level 1:colcon.colcon_core.package_identification:_identify(src/robot_proyecto_15) by extension 'colcon_pkg'
[0.797s] Level 1:colcon.colcon_core.package_identification:_identify(src/robot_proyecto_15) by extensions ['colcon_meta']
[0.797s] Level 1:colcon.colcon_core.package_identification:_identify(src/robot_proyecto_15) by extension 'colcon_meta'
[0.797s] Level 1:colcon.colcon_core.package_identification:_identify(src/robot_proyecto_15) by extensions ['ros']
[0.798s] Level 1:colcon.colcon_core.package_identification:_identify(src/robot_proyecto_15) by extension 'ros'
[0.806s] DEBUG:colcon.colcon_core.package_identification:Package 'src/robot_proyecto_15' with type 'ros.ament_python' and name 'robot_proyecto_15'
[0.810s] Level 1:colcon.colcon_core.package_discovery:discover_packages(recursive) using defaults
[0.810s] Level 1:colcon.colcon_core.package_discovery:discover_packages(ignore) discover
[0.811s] Level 1:colcon.colcon_core.package_discovery:discover_packages(ignore) using defaults
[0.812s] Level 1:colcon.colcon_core.package_discovery:discover_packages(path) discover
[0.813s] Level 1:colcon.colcon_core.package_discovery:discover_packages(path) using defaults
[0.860s] Level 1:colcon.colcon_core.package_discovery:discover_packages(prefix_path) check parameters
[0.860s] Level 1:colcon.colcon_core.package_discovery:discover_packages(prefix_path) discover
[0.868s] DEBUG:colcon.colcon_installed_package_information.package_discovery:Found 313 installed packages in /opt/ros/humble
[0.872s] Level 1:colcon.colcon_core.package_discovery:discover_packages(prefix_path) using defaults
[0.977s] Level 5:colcon.colcon_core.verb:set package 'group_15' build argument 'cmake_args' from command line to 'None'
[0.979s] Level 5:colcon.colcon_core.verb:set package 'group_15' build argument 'cmake_target' from command line to 'None'
[0.979s] Level 5:colcon.colcon_core.verb:set package 'group_15' build argument 'cmake_target_skip_unavailable' from command line to 'False'
[0.980s] Level 5:colcon.colcon_core.verb:set package 'group_15' build argument 'cmake_clean_cache' from command line to 'False'
[0.980s] Level 5:colcon.colcon_core.verb:set package 'group_15' build argument 'cmake_clean_first' from command line to 'False'
[0.981s] Level 5:colcon.colcon_core.verb:set package 'group_15' build argument 'cmake_force_configure' from command line to 'False'
[0.981s] Level 5:colcon.colcon_core.verb:set package 'group_15' build argument 'ament_cmake_args' from command line to 'None'
[0.981s] Level 5:colcon.colcon_core.verb:set package 'group_15' build argument 'catkin_cmake_args' from command line to 'None'
[0.983s] Level 5:colcon.colcon_core.verb:set package 'group_15' build argument 'catkin_skip_building_tests' from command line to 'False'
[0.983s] DEBUG:colcon.colcon_core.verb:Building package 'group_15' with the following arguments: {'ament_cmake_args': None, 'build_base': '/home/robotica/Robotica/Proyecto Final/build/group_15', 'catkin_cmake_args': None, 'catkin_skip_building_tests': False, 'cmake_args': None, 'cmake_clean_cache': False, 'cmake_clean_first': False, 'cmake_force_configure': False, 'cmake_target': None, 'cmake_target_skip_unavailable': False, 'install_base': '/home/robotica/Robotica/Proyecto Final/install/group_15', 'merge_install': False, 'path': '/home/robotica/Robotica/Proyecto Final/src/group_15', 'symlink_install': False, 'test_result_base': None}
[0.985s] Level 5:colcon.colcon_core.verb:set package 'robot_proyecto_15' build argument 'cmake_args' from command line to 'None'
[0.986s] Level 5:colcon.colcon_core.verb:set package 'robot_proyecto_15' build argument 'cmake_target' from command line to 'None'
[0.987s] Level 5:colcon.colcon_core.verb:set package 'robot_proyecto_15' build argument 'cmake_target_skip_unavailable' from command line to 'False'
[0.987s] Level 5:colcon.colcon_core.verb:set package 'robot_proyecto_15' build argument 'cmake_clean_cache' from command line to 'False'
[0.988s] Level 5:colcon.colcon_core.verb:set package 'robot_proyecto_15' build argument 'cmake_clean_first' from command line to 'False'
[0.989s] Level 5:colcon.colcon_core.verb:set package 'robot_proyecto_15' build argument 'cmake_force_configure' from command line to 'False'
[0.989s] Level 5:colcon.colcon_core.verb:set package 'robot_proyecto_15' build argument 'ament_cmake_args' from command line to 'None'
[0.990s] Level 5:colcon.colcon_core.verb:set package 'robot_proyecto_15' build argument 'catkin_cmake_args' from command line to 'None'
[0.991s] Level 5:colcon.colcon_core.verb:set package 'robot_proyecto_15' build argument 'catkin_skip_building_tests' from command line to 'False'
[0.992s] DEBUG:colcon.colcon_core.verb:Building package 'robot_proyecto_15' with the following arguments: {'ament_cmake_args': None, 'build_base': '/home/robotica/Robotica/Proyecto Final/build/robot_proyecto_15', 'catkin_cmake_args': None, 'catkin_skip_building_tests': False, 'cmake_args': None, 'cmake_clean_cache': False, 'cmake_clean_first': False, 'cmake_force_configure': False, 'cmake_target': None, 'cmake_target_skip_unavailable': False, 'install_base': '/home/robotica/Robotica/Proyecto Final/install/robot_proyecto_15', 'merge_install': False, 'path': '/home/robotica/Robotica/Proyecto Final/src/robot_proyecto_15', 'symlink_install': False, 'test_result_base': None}
[0.994s] INFO:colcon.colcon_core.executor:Executing jobs using 'parallel' executor
[1.001s] DEBUG:colcon.colcon_parallel_executor.executor.parallel:run_until_complete
[1.003s] INFO:colcon.colcon_ros.task.ament_cmake.build:Building ROS package in '/home/robotica/Robotica/Proyecto Final/src/group_15' with build type 'ament_cmake'
[1.006s] INFO:colcon.colcon_cmake.task.cmake.build:Building CMake package in '/home/robotica/Robotica/Proyecto Final/src/group_15'
[1.018s] INFO:colcon.colcon_core.plugin_system:Skipping extension 'colcon_core.shell.bat': Not used on non-Windows systems
[1.020s] INFO:colcon.colcon_core.shell:Skip shell extension 'powershell' for command environment: Not usable outside of PowerShell
[1.021s] DEBUG:colcon.colcon_core.shell:Skip shell extension 'dsv' for command environment
[1.039s] INFO:colcon.colcon_ros.task.ament_python.build:Building ROS package in '/home/robotica/Robotica/Proyecto Final/src/robot_proyecto_15' with build type 'ament_python'
[1.044s] Level 1:colcon.colcon_core.shell:create_environment_hook('robot_proyecto_15', 'ament_prefix_path')
[1.046s] INFO:colcon.colcon_core.shell:Creating environment hook '/home/robotica/Robotica/Proyecto Final/install/robot_proyecto_15/share/robot_proyecto_15/hook/ament_prefix_path.ps1'
[1.077s] INFO:colcon.colcon_core.shell:Creating environment descriptor '/home/robotica/Robotica/Proyecto Final/install/robot_proyecto_15/share/robot_proyecto_15/hook/ament_prefix_path.dsv'
[1.102s] INFO:colcon.colcon_core.shell:Creating environment hook '/home/robotica/Robotica/Proyecto Final/install/robot_proyecto_15/share/robot_proyecto_15/hook/ament_prefix_path.sh'
[1.132s] INFO:colcon.colcon_core.shell:Skip shell extension 'powershell' for command environment: Not usable outside of PowerShell
[1.133s] DEBUG:colcon.colcon_core.shell:Skip shell extension 'dsv' for command environment
[1.240s] DEBUG:colcon.colcon_core.event_handler.log_command:Invoking command in '/home/robotica/Robotica/Proyecto Final/build/group_15': CMAKE_PREFIX_PATH=/opt/ros/humble /usr/bin/cmake /home/robotica/Robotica/Proyecto Final/src/group_15 -DCMAKE_INSTALL_PREFIX=/home/robotica/Robotica/Proyecto Final/install/group_15
[1.826s] INFO:colcon.colcon_core.task.python.build:Building Python package in '/home/robotica/Robotica/Proyecto Final/src/robot_proyecto_15'
[1.829s] INFO:colcon.colcon_core.shell:Skip shell extension 'powershell' for command environment: Not usable outside of PowerShell
[1.830s] DEBUG:colcon.colcon_core.shell:Skip shell extension 'dsv' for command environment
[1.855s] DEBUG:colcon.colcon_core.event_handler.log_command:Invoked command in '/home/robotica/Robotica/Proyecto Final/build/group_15' returned '1': CMAKE_PREFIX_PATH=/opt/ros/humble /usr/bin/cmake /home/robotica/Robotica/Proyecto Final/src/group_15 -DCMAKE_INSTALL_PREFIX=/home/robotica/Robotica/Proyecto Final/install/group_15
[1.914s] Level 1:colcon.colcon_core.environment:create_environment_scripts_only(group_15)
[1.922s] Level 1:colcon.colcon_core.environment:checking '/home/robotica/Robotica/Proyecto Final/install/group_15' for CMake module files
[1.967s] Level 1:colcon.colcon_core.environment:checking '/home/robotica/Robotica/Proyecto Final/install/group_15' for CMake config files
[1.996s] Level 1:colcon.colcon_core.environment:checking '/home/robotica/Robotica/Proyecto Final/install/group_15/bin'
[1.998s] Level 1:colcon.colcon_core.environment:checking '/home/robotica/Robotica/Proyecto Final/install/group_15/lib/pkgconfig/group_15.pc'
[2.001s] Level 1:colcon.colcon_core.environment:checking '/home/robotica/Robotica/Proyecto Final/install/group_15/lib/python3.10/site-packages'
[2.009s] Level 1:colcon.colcon_core.environment:checking '/home/robotica/Robotica/Proyecto Final/install/group_15/bin'
[2.014s] INFO:colcon.colcon_core.shell:Creating package script '/home/robotica/Robotica/Proyecto Final/install/group_15/share/group_15/package.ps1'
[2.039s] INFO:colcon.colcon_core.shell:Creating package descriptor '/home/robotica/Robotica/Proyecto Final/install/group_15/share/group_15/package.dsv'
[2.047s] INFO:colcon.colcon_core.shell:Creating package script '/home/robotica/Robotica/Proyecto Final/install/group_15/share/group_15/package.sh'
[2.067s] INFO:colcon.colcon_core.shell:Creating package script '/home/robotica/Robotica/Proyecto Final/install/group_15/share/group_15/package.bash'
[2.080s] INFO:colcon.colcon_core.shell:Creating package script '/home/robotica/Robotica/Proyecto Final/install/group_15/share/group_15/package.zsh'
[2.103s] Level 1:colcon.colcon_core.environment:create_file_with_runtime_dependencies(/home/robotica/Robotica/Proyecto Final/install/group_15/share/colcon-core/packages/group_15)
[3.184s] DEBUG:colcon.colcon_parallel_executor.executor.parallel:closing loop
[3.185s] DEBUG:colcon.colcon_parallel_executor.executor.parallel:loop closed
[3.189s] DEBUG:colcon.colcon_parallel_executor.executor.parallel:run_until_complete finished with '1'
[3.190s] DEBUG:colcon.colcon_core.event_reactor:joining thread
[3.205s] INFO:colcon.colcon_core.plugin_system:Skipping extension 'colcon_notification.desktop_notification.terminal_notifier': Not used on non-Darwin systems
[3.209s] INFO:colcon.colcon_core.plugin_system:Skipping extension 'colcon_notification.desktop_notification.win32': Not used on non-Windows systems
[3.212s] INFO:colcon.colcon_notification.desktop_notification:Sending desktop notification using 'notify2'
[3.265s] DEBUG:colcon.colcon_core.event_reactor:joined thread
[3.268s] INFO:colcon.colcon_core.shell:Creating prefix script '/home/robotica/Robotica/Proyecto Final/install/local_setup.ps1'
[3.279s] INFO:colcon.colcon_core.shell:Creating prefix util module '/home/robotica/Robotica/Proyecto Final/install/_local_setup_util_ps1.py'
[3.325s] INFO:colcon.colcon_core.shell:Creating prefix chain script '/home/robotica/Robotica/Proyecto Final/install/setup.ps1'
[3.335s] INFO:colcon.colcon_core.shell:Creating prefix script '/home/robotica/Robotica/Proyecto Final/install/local_setup.sh'
[3.359s] INFO:colcon.colcon_core.shell:Creating prefix util module '/home/robotica/Robotica/Proyecto Final/install/_local_setup_util_sh.py'
[3.365s] INFO:colcon.colcon_core.shell:Creating prefix chain script '/home/robotica/Robotica/Proyecto Final/install/setup.sh'
[3.371s] INFO:colcon.colcon_core.shell:Creating prefix script '/home/robotica/Robotica/Proyecto Final/install/local_setup.bash'
[3.378s] INFO:colcon.colcon_core.shell:Creating prefix chain script '/home/robotica/Robotica/Proyecto Final/install/setup.bash'
[3.386s] INFO:colcon.colcon_core.shell:Creating prefix script '/home/robotica/Robotica/Proyecto Final/install/local_setup.zsh'
[3.408s] INFO:colcon.colcon_core.shell:Creating prefix chain script '/home/robotica/Robotica/Proyecto Final/install/setup.zsh'
