[1.223s] DEBUG:colcon:Command line arguments: ['/usr/bin/colcon', 'build', '--packages-select', 'group_15']
[1.224s] DEBUG:colcon:Parsed command line arguments: Namespace(log_base=None, log_level=None, verb_name='build', build_base='build', install_base='install', merge_install=False, symlink_install=False, test_result_base=None, continue_on_error=False, executor='parallel', parallel_workers=4, event_handlers=None, ignore_user_meta=False, metas=['./colcon.meta'], base_paths=['.'], packages_ignore=None, packages_ignore_regex=None, paths=None, packages_up_to=None, packages_up_to_regex=None, packages_above=None, packages_above_and_dependencies=None, packages_above_depth=None, packages_select_by_dep=None, packages_skip_by_dep=None, packages_skip_up_to=None, packages_select_build_failed=False, packages_skip_build_finished=False, packages_select_test_failures=False, packages_skip_test_passed=False, packages_select=['group_15'], packages_skip=None, packages_select_regex=None, packages_skip_regex=None, packages_start=None, packages_end=None, allow_overriding=[], cmake_args=None, cmake_target=None, cmake_target_skip_unavailable=False, cmake_clean_cache=False, cmake_clean_first=False, cmake_force_configure=False, ament_cmake_args=None, catkin_cmake_args=None, catkin_skip_building_tests=False, verb_parser=<colcon_defaults.argument_parser.defaults.DefaultArgumentsDecorator object at 0x7f95fe15bc70>, verb_extension=<colcon_core.verb.build.BuildVerb object at 0x7f95fe9ad750>, main=<bound method BuildVerb.main of <colcon_core.verb.build.BuildVerb object at 0x7f95fe9ad750>>)
[1.582s] Level 1:colcon.colcon_core.package_discovery:discover_packages(colcon_meta) check parameters
[1.637s] Level 1:colcon.colcon_core.package_discovery:discover_packages(recursive) check parameters
[1.653s] Level 1:colcon.colcon_core.package_discovery:discover_packages(ignore) check parameters
[1.655s] Level 1:colcon.colcon_core.package_discovery:discover_packages(path) check parameters
[1.656s] Level 1:colcon.colcon_core.package_discovery:discover_packages(colcon_meta) discover
[1.658s] Level 1:colcon.colcon_core.package_discovery:discover_packages(recursive) discover
[1.659s] INFO:colcon.colcon_core.package_discovery:Crawling recursively for packages in '/home/robotica/Robotica/Proyecto Final/src'
[1.663s] Level 1:colcon.colcon_core.package_identification:_identify(.) by extensions ['ignore', 'ignore_ament_install']
[1.667s] Level 1:colcon.colcon_core.package_identification:_identify(.) by extension 'ignore'
[1.670s] Level 1:colcon.colcon_core.package_identification:_identify(.) by extension 'ignore_ament_install'
[1.676s] Level 1:colcon.colcon_core.package_identification:_identify(.) by extensions ['colcon_pkg']
[1.681s] Level 1:colcon.colcon_core.package_identification:_identify(.) by extension 'colcon_pkg'
[1.683s] Level 1:colcon.colcon_core.package_identification:_identify(.) by extensions ['colcon_meta']
[1.683s] Level 1:colcon.colcon_core.package_identification:_identify(.) by extension 'colcon_meta'
[1.685s] Level 1:colcon.colcon_core.package_identification:_identify(.) by extensions ['ros']
[1.686s] Level 1:colcon.colcon_core.package_identification:_identify(.) by extension 'ros'
[1.750s] Level 1:colcon.colcon_core.package_identification:_identify(.) by extensions ['cmake', 'python']
[1.764s] Level 1:colcon.colcon_core.package_identification:_identify(.) by extension 'cmake'
[1.766s] Level 1:colcon.colcon_core.package_identification:_identify(.) by extension 'python'
[1.773s] Level 1:colcon.colcon_core.package_identification:_identify(.) by extensions ['python_setup_py']
[1.775s] Level 1:colcon.colcon_core.package_identification:_identify(.) by extension 'python_setup_py'
[1.825s] Level 1:colcon.colcon_core.package_identification:_identify(build) by extensions ['ignore', 'ignore_ament_install']
[1.826s] Level 1:colcon.colcon_core.package_identification:_identify(build) by extension 'ignore'
[1.829s] Level 1:colcon.colcon_core.package_identification:_identify(build) ignored
[1.842s] Level 1:colcon.colcon_core.package_identification:_identify(group_15) by extensions ['ignore', 'ignore_ament_install']
[1.844s] Level 1:colcon.colcon_core.package_identification:_identify(group_15) by extension 'ignore'
[1.850s] Level 1:colcon.colcon_core.package_identification:_identify(group_15) by extension 'ignore_ament_install'
[1.855s] Level 1:colcon.colcon_core.package_identification:_identify(group_15) by extensions ['colcon_pkg']
[1.863s] Level 1:colcon.colcon_core.package_identification:_identify(group_15) by extension 'colcon_pkg'
[1.867s] Level 1:colcon.colcon_core.package_identification:_identify(group_15) by extensions ['colcon_meta']
[1.868s] Level 1:colcon.colcon_core.package_identification:_identify(group_15) by extension 'colcon_meta'
[1.869s] Level 1:colcon.colcon_core.package_identification:_identify(group_15) by extensions ['ros']
[1.871s] Level 1:colcon.colcon_core.package_identification:_identify(group_15) by extension 'ros'
[1.894s] DEBUG:colcon.colcon_core.package_identification:Package 'group_15' with type 'ros.ament_cmake' and name 'group_15'
[1.899s] Level 1:colcon.colcon_core.package_identification:_identify(install) by extensions ['ignore', 'ignore_ament_install']
[1.900s] Level 1:colcon.colcon_core.package_identification:_identify(install) by extension 'ignore'
[1.902s] Level 1:colcon.colcon_core.package_identification:_identify(install) ignored
[1.920s] Level 1:colcon.colcon_core.package_identification:_identify(log) by extensions ['ignore', 'ignore_ament_install']
[1.921s] Level 1:colcon.colcon_core.package_identification:_identify(log) by extension 'ignore'
[1.925s] Level 1:colcon.colcon_core.package_identification:_identify(log) ignored
[1.930s] Level 1:colcon.colcon_core.package_identification:_identify(robot_proyecto_15) by extensions ['ignore', 'ignore_ament_install']
[1.932s] Level 1:colcon.colcon_core.package_identification:_identify(robot_proyecto_15) by extension 'ignore'
[1.934s] Level 1:colcon.colcon_core.package_identification:_identify(robot_proyecto_15) by extension 'ignore_ament_install'
[1.937s] Level 1:colcon.colcon_core.package_identification:_identify(robot_proyecto_15) by extensions ['colcon_pkg']
[1.943s] Level 1:colcon.colcon_core.package_identification:_identify(robot_proyecto_15) by extension 'colcon_pkg'
[1.946s] Level 1:colcon.colcon_core.package_identification:_identify(robot_proyecto_15) by extensions ['colcon_meta']
[1.948s] Level 1:colcon.colcon_core.package_identification:_identify(robot_proyecto_15) by extension 'colcon_meta'
[1.949s] Level 1:colcon.colcon_core.package_identification:_identify(robot_proyecto_15) by extensions ['ros']
[1.965s] Level 1:colcon.colcon_core.package_identification:_identify(robot_proyecto_15) by extension 'ros'
[1.979s] DEBUG:colcon.colcon_core.package_identification:Package 'robot_proyecto_15' with type 'ros.ament_python' and name 'robot_proyecto_15'
[1.980s] Level 1:colcon.colcon_core.package_discovery:discover_packages(recursive) using defaults
[1.981s] Level 1:colcon.colcon_core.package_discovery:discover_packages(ignore) discover
[1.983s] Level 1:colcon.colcon_core.package_discovery:discover_packages(ignore) using defaults
[1.984s] Level 1:colcon.colcon_core.package_discovery:discover_packages(path) discover
[1.986s] Level 1:colcon.colcon_core.package_discovery:discover_packages(path) using defaults
[2.141s] INFO:colcon.colcon_core.package_selection:Skipping not selected package 'robot_proyecto_15' in 'robot_proyecto_15'
[2.160s] Level 1:colcon.colcon_core.package_discovery:discover_packages(prefix_path) check parameters
[2.167s] Level 1:colcon.colcon_core.package_discovery:discover_packages(prefix_path) discover
[2.196s] DEBUG:colcon.colcon_installed_package_information.package_discovery:Found 313 installed packages in /opt/ros/humble
[2.214s] Level 1:colcon.colcon_core.package_discovery:discover_packages(prefix_path) using defaults
[2.605s] Level 5:colcon.colcon_core.verb:set package 'group_15' build argument 'cmake_args' from command line to 'None'
[2.606s] Level 5:colcon.colcon_core.verb:set package 'group_15' build argument 'cmake_target' from command line to 'None'
[2.609s] Level 5:colcon.colcon_core.verb:set package 'group_15' build argument 'cmake_target_skip_unavailable' from command line to 'False'
[2.610s] Level 5:colcon.colcon_core.verb:set package 'group_15' build argument 'cmake_clean_cache' from command line to 'False'
[2.612s] Level 5:colcon.colcon_core.verb:set package 'group_15' build argument 'cmake_clean_first' from command line to 'False'
[2.613s] Level 5:colcon.colcon_core.verb:set package 'group_15' build argument 'cmake_force_configure' from command line to 'False'
[2.614s] Level 5:colcon.colcon_core.verb:set package 'group_15' build argument 'ament_cmake_args' from command line to 'None'
[2.615s] Level 5:colcon.colcon_core.verb:set package 'group_15' build argument 'catkin_cmake_args' from command line to 'None'
[2.617s] Level 5:colcon.colcon_core.verb:set package 'group_15' build argument 'catkin_skip_building_tests' from command line to 'False'
[2.619s] DEBUG:colcon.colcon_core.verb:Building package 'group_15' with the following arguments: {'ament_cmake_args': None, 'build_base': '/home/robotica/Robotica/Proyecto Final/src/build/group_15', 'catkin_cmake_args': None, 'catkin_skip_building_tests': False, 'cmake_args': None, 'cmake_clean_cache': False, 'cmake_clean_first': False, 'cmake_force_configure': False, 'cmake_target': None, 'cmake_target_skip_unavailable': False, 'install_base': '/home/robotica/Robotica/Proyecto Final/src/install/group_15', 'merge_install': False, 'path': '/home/robotica/Robotica/Proyecto Final/src/group_15', 'symlink_install': False, 'test_result_base': None}
[2.624s] INFO:colcon.colcon_core.executor:Executing jobs using 'parallel' executor
[2.644s] DEBUG:colcon.colcon_parallel_executor.executor.parallel:run_until_complete
[2.648s] INFO:colcon.colcon_ros.task.ament_cmake.build:Building ROS package in '/home/robotica/Robotica/Proyecto Final/src/group_15' with build type 'ament_cmake'
[2.650s] INFO:colcon.colcon_cmake.task.cmake.build:Building CMake package in '/home/robotica/Robotica/Proyecto Final/src/group_15'
[2.675s] INFO:colcon.colcon_core.plugin_system:Skipping extension 'colcon_core.shell.bat': Not used on non-Windows systems
[2.676s] INFO:colcon.colcon_core.shell:Skip shell extension 'powershell' for command environment: Not usable outside of PowerShell
[2.680s] DEBUG:colcon.colcon_core.shell:Skip shell extension 'dsv' for command environment
[2.850s] DEBUG:colcon.colcon_core.event_handler.log_command:Invoking command in '/home/robotica/Robotica/Proyecto Final/src/build/group_15': CMAKE_PREFIX_PATH=/opt/ros/humble /usr/bin/cmake /home/robotica/Robotica/Proyecto Final/src/group_15 -DCMAKE_INSTALL_PREFIX=/home/robotica/Robotica/Proyecto Final/src/install/group_15
[20.459s] DEBUG:colcon.colcon_core.event_handler.log_command:Invoked command in '/home/robotica/Robotica/Proyecto Final/src/build/group_15' returned '0': CMAKE_PREFIX_PATH=/opt/ros/humble /usr/bin/cmake /home/robotica/Robotica/Proyecto Final/src/group_15 -DCMAKE_INSTALL_PREFIX=/home/robotica/Robotica/Proyecto Final/src/install/group_15
[20.746s] DEBUG:colcon.colcon_core.event_handler.log_command:Invoking command in '/home/robotica/Robotica/Proyecto Final/src/build/group_15': CMAKE_PREFIX_PATH=/opt/ros/humble /usr/bin/cmake --build /home/robotica/Robotica/Proyecto Final/src/build/group_15 -- -j4 -l4
[95.235s] DEBUG:colcon.colcon_core.event_handler.log_command:Invoked command in '/home/robotica/Robotica/Proyecto Final/src/build/group_15' returned '0': CMAKE_PREFIX_PATH=/opt/ros/humble /usr/bin/cmake --build /home/robotica/Robotica/Proyecto Final/src/build/group_15 -- -j4 -l4
[96.134s] DEBUG:colcon.colcon_core.event_handler.log_command:Invoking command in '/home/robotica/Robotica/Proyecto Final/src/build/group_15': CMAKE_PREFIX_PATH=/opt/ros/humble /usr/bin/cmake --install /home/robotica/Robotica/Proyecto Final/src/build/group_15
[105.087s] Level 1:colcon.colcon_core.environment:create_environment_scripts_only(group_15)
[105.105s] DEBUG:colcon.colcon_core.event_handler.log_command:Invoked command in '/home/robotica/Robotica/Proyecto Final/src/build/group_15' returned '0': CMAKE_PREFIX_PATH=/opt/ros/humble /usr/bin/cmake --install /home/robotica/Robotica/Proyecto Final/src/build/group_15
[105.111s] Level 1:colcon.colcon_core.environment:checking '/home/robotica/Robotica/Proyecto Final/src/install/group_15' for CMake module files
[105.245s] Level 1:colcon.colcon_core.environment:checking '/home/robotica/Robotica/Proyecto Final/src/install/group_15' for CMake config files
[105.399s] Level 1:colcon.colcon_core.shell:create_environment_hook('group_15', 'cmake_prefix_path')
[105.404s] INFO:colcon.colcon_core.shell:Creating environment hook '/home/robotica/Robotica/Proyecto Final/src/install/group_15/share/group_15/hook/cmake_prefix_path.ps1'
[105.432s] INFO:colcon.colcon_core.shell:Creating environment descriptor '/home/robotica/Robotica/Proyecto Final/src/install/group_15/share/group_15/hook/cmake_prefix_path.dsv'
[105.442s] INFO:colcon.colcon_core.shell:Creating environment hook '/home/robotica/Robotica/Proyecto Final/src/install/group_15/share/group_15/hook/cmake_prefix_path.sh'
[105.508s] Level 1:colcon.colcon_core.environment:checking '/home/robotica/Robotica/Proyecto Final/src/install/group_15/lib'
[105.517s] Level 1:colcon.colcon_core.shell:create_environment_hook('group_15', 'ld_library_path_lib')
[105.521s] INFO:colcon.colcon_core.shell:Creating environment hook '/home/robotica/Robotica/Proyecto Final/src/install/group_15/share/group_15/hook/ld_library_path_lib.ps1'
[105.552s] INFO:colcon.colcon_core.shell:Creating environment descriptor '/home/robotica/Robotica/Proyecto Final/src/install/group_15/share/group_15/hook/ld_library_path_lib.dsv'
[105.565s] INFO:colcon.colcon_core.shell:Creating environment hook '/home/robotica/Robotica/Proyecto Final/src/install/group_15/share/group_15/hook/ld_library_path_lib.sh'
[105.574s] Level 1:colcon.colcon_core.environment:checking '/home/robotica/Robotica/Proyecto Final/src/install/group_15/bin'
[105.576s] Level 1:colcon.colcon_core.environment:checking '/home/robotica/Robotica/Proyecto Final/src/install/group_15/lib/pkgconfig/group_15.pc'
[105.580s] Level 1:colcon.colcon_core.environment:checking '/home/robotica/Robotica/Proyecto Final/src/install/group_15/lib/python3.10/site-packages'
[105.588s] Level 1:colcon.colcon_core.environment:checking '/home/robotica/Robotica/Proyecto Final/src/install/group_15/bin'
[105.595s] INFO:colcon.colcon_core.shell:Creating package script '/home/robotica/Robotica/Proyecto Final/src/install/group_15/share/group_15/package.ps1'
[105.634s] INFO:colcon.colcon_core.shell:Creating package descriptor '/home/robotica/Robotica/Proyecto Final/src/install/group_15/share/group_15/package.dsv'
[105.646s] INFO:colcon.colcon_core.shell:Creating package script '/home/robotica/Robotica/Proyecto Final/src/install/group_15/share/group_15/package.sh'
[105.676s] INFO:colcon.colcon_core.shell:Creating package script '/home/robotica/Robotica/Proyecto Final/src/install/group_15/share/group_15/package.bash'
[105.714s] INFO:colcon.colcon_core.shell:Creating package script '/home/robotica/Robotica/Proyecto Final/src/install/group_15/share/group_15/package.zsh'
[105.733s] Level 1:colcon.colcon_core.environment:create_file_with_runtime_dependencies(/home/robotica/Robotica/Proyecto Final/src/install/group_15/share/colcon-core/packages/group_15)
[107.171s] Level 1:colcon.colcon_core.environment:create_environment_scripts_only(group_15)
[107.175s] Level 1:colcon.colcon_core.environment:checking '/home/robotica/Robotica/Proyecto Final/src/install/group_15' for CMake module files
[107.281s] Level 1:colcon.colcon_core.environment:checking '/home/robotica/Robotica/Proyecto Final/src/install/group_15' for CMake config files
[107.380s] Level 1:colcon.colcon_core.shell:create_environment_hook('group_15', 'cmake_prefix_path')
[107.390s] INFO:colcon.colcon_core.shell:Creating environment hook '/home/robotica/Robotica/Proyecto Final/src/install/group_15/share/group_15/hook/cmake_prefix_path.ps1'
[107.397s] INFO:colcon.colcon_core.shell:Creating environment descriptor '/home/robotica/Robotica/Proyecto Final/src/install/group_15/share/group_15/hook/cmake_prefix_path.dsv'
[107.410s] INFO:colcon.colcon_core.shell:Creating environment hook '/home/robotica/Robotica/Proyecto Final/src/install/group_15/share/group_15/hook/cmake_prefix_path.sh'
[107.420s] Level 1:colcon.colcon_core.environment:checking '/home/robotica/Robotica/Proyecto Final/src/install/group_15/lib'
[107.422s] Level 1:colcon.colcon_core.shell:create_environment_hook('group_15', 'ld_library_path_lib')
[107.427s] INFO:colcon.colcon_core.shell:Creating environment hook '/home/robotica/Robotica/Proyecto Final/src/install/group_15/share/group_15/hook/ld_library_path_lib.ps1'
[107.434s] INFO:colcon.colcon_core.shell:Creating environment descriptor '/home/robotica/Robotica/Proyecto Final/src/install/group_15/share/group_15/hook/ld_library_path_lib.dsv'
[107.470s] INFO:colcon.colcon_core.shell:Creating environment hook '/home/robotica/Robotica/Proyecto Final/src/install/group_15/share/group_15/hook/ld_library_path_lib.sh'
[107.477s] Level 1:colcon.colcon_core.environment:checking '/home/robotica/Robotica/Proyecto Final/src/install/group_15/bin'
[107.478s] Level 1:colcon.colcon_core.environment:checking '/home/robotica/Robotica/Proyecto Final/src/install/group_15/lib/pkgconfig/group_15.pc'
[107.482s] Level 1:colcon.colcon_core.environment:checking '/home/robotica/Robotica/Proyecto Final/src/install/group_15/lib/python3.10/site-packages'
[107.484s] Level 1:colcon.colcon_core.environment:checking '/home/robotica/Robotica/Proyecto Final/src/install/group_15/bin'
[107.497s] INFO:colcon.colcon_core.shell:Creating package script '/home/robotica/Robotica/Proyecto Final/src/install/group_15/share/group_15/package.ps1'
[107.529s] INFO:colcon.colcon_core.shell:Creating package descriptor '/home/robotica/Robotica/Proyecto Final/src/install/group_15/share/group_15/package.dsv'
[107.539s] INFO:colcon.colcon_core.shell:Creating package script '/home/robotica/Robotica/Proyecto Final/src/install/group_15/share/group_15/package.sh'
[107.546s] INFO:colcon.colcon_core.shell:Creating package script '/home/robotica/Robotica/Proyecto Final/src/install/group_15/share/group_15/package.bash'
[107.554s] INFO:colcon.colcon_core.shell:Creating package script '/home/robotica/Robotica/Proyecto Final/src/install/group_15/share/group_15/package.zsh'
[107.580s] Level 1:colcon.colcon_core.environment:create_file_with_runtime_dependencies(/home/robotica/Robotica/Proyecto Final/src/install/group_15/share/colcon-core/packages/group_15)
[107.604s] DEBUG:colcon.colcon_parallel_executor.executor.parallel:closing loop
[107.607s] DEBUG:colcon.colcon_parallel_executor.executor.parallel:loop closed
[107.609s] DEBUG:colcon.colcon_parallel_executor.executor.parallel:run_until_complete finished with '0'
[107.611s] DEBUG:colcon.colcon_core.event_reactor:joining thread
[107.662s] INFO:colcon.colcon_core.plugin_system:Skipping extension 'colcon_notification.desktop_notification.terminal_notifier': Not used on non-Darwin systems
[107.665s] INFO:colcon.colcon_core.plugin_system:Skipping extension 'colcon_notification.desktop_notification.win32': Not used on non-Windows systems
[107.666s] INFO:colcon.colcon_notification.desktop_notification:Sending desktop notification using 'notify2'
[107.754s] DEBUG:colcon.colcon_core.event_reactor:joined thread
[107.760s] INFO:colcon.colcon_core.shell:Creating prefix script '/home/robotica/Robotica/Proyecto Final/src/install/local_setup.ps1'
[107.832s] INFO:colcon.colcon_core.shell:Creating prefix util module '/home/robotica/Robotica/Proyecto Final/src/install/_local_setup_util_ps1.py'
[107.850s] INFO:colcon.colcon_core.shell:Creating prefix chain script '/home/robotica/Robotica/Proyecto Final/src/install/setup.ps1'
[107.870s] INFO:colcon.colcon_core.shell:Creating prefix script '/home/robotica/Robotica/Proyecto Final/src/install/local_setup.sh'
[107.939s] INFO:colcon.colcon_core.shell:Creating prefix util module '/home/robotica/Robotica/Proyecto Final/src/install/_local_setup_util_sh.py'
[107.947s] INFO:colcon.colcon_core.shell:Creating prefix chain script '/home/robotica/Robotica/Proyecto Final/src/install/setup.sh'
[107.957s] INFO:colcon.colcon_core.shell:Creating prefix script '/home/robotica/Robotica/Proyecto Final/src/install/local_setup.bash'
[107.968s] INFO:colcon.colcon_core.shell:Creating prefix chain script '/home/robotica/Robotica/Proyecto Final/src/install/setup.bash'
[107.990s] INFO:colcon.colcon_core.shell:Creating prefix script '/home/robotica/Robotica/Proyecto Final/src/install/local_setup.zsh'
[107.996s] INFO:colcon.colcon_core.shell:Creating prefix chain script '/home/robotica/Robotica/Proyecto Final/src/install/setup.zsh'
