-- Found ament_cmake: 1.3.3 (/opt/ros/humble/share/ament_cmake/cmake)
-- Found rosidl_default_generators: 1.2.0 (/opt/ros/humble/share/rosidl_default_generators/cmake)
-- Using all available rosidl_typesupport_c: rosidl_typesupport_fastrtps_c;rosidl_typesupport_introspection_c
-- Found rosidl_adapter: 3.1.4 (/opt/ros/humble/share/rosidl_adapter/cmake)
-- Using all available rosidl_typesupport_cpp: rosidl_typesupport_fastrtps_cpp;rosidl_typesupport_introspection_cpp
-- Found ament_cmake_ros: 0.10.0 (/opt/ros/humble/share/ament_cmake_ros/cmake)
-- Using all available rosidl_typesupport_c: rosidl_typesupport_fastrtps_c;rosidl_typesupport_introspection_c
-- Using all available rosidl_typesupport_cpp: rosidl_typesupport_fastrtps_cpp;rosidl_typesupport_introspection_cpp
-- Found PythonInterp: /usr/bin/python3 (found suitable version "3.10.6", minimum required is "3.6") 
-- Found python_cmake_module: 0.10.0 (/opt/ros/humble/share/python_cmake_module/cmake)
-- Found PythonLibs: /usr/lib/x86_64-linux-gnu/libpython3.10.so (found suitable version "3.10.6", minimum required is "3.5") 
-- Using PYTHON_EXECUTABLE: /usr/bin/python3
-- Using PYTHON_INCLUDE_DIRS: /usr/include/python3.10
-- Using PYTHON_LIBRARIES: /usr/lib/x86_64-linux-gnu/libpython3.10.so
-- Found PythonExtra: .so  
-- Configuring done
-- Generating done
-- Build files have been written to: /home/robotica/Robotica/Proyecto Final/build/group_15
[  4%] [34m[1mGenerating C++ code for ROS interfaces[0m
[  4%] [34m[1mGenerating C code for ROS interfaces[0m
[  4%] Built target ament_cmake_python_copy_group_15
running egg_info
creating group_15.egg-info
writing group_15.egg-info/PKG-INFO
writing dependency_links to group_15.egg-info/dependency_links.txt
writing top-level names to group_15.egg-info/top_level.txt
writing manifest file 'group_15.egg-info/SOURCES.txt'
reading manifest file 'group_15.egg-info/SOURCES.txt'
writing manifest file 'group_15.egg-info/SOURCES.txt'
[  4%] Built target ament_cmake_python_build_group_15_egg
[ 10%] [32mBuilding C object CMakeFiles/group_15__rosidl_generator_c.dir/rosidl_generator_c/group_15/srv/detail/start_manipulation_test__functions.c.o[0m
[ 10%] [32mBuilding C object CMakeFiles/group_15__rosidl_generator_c.dir/rosidl_generator_c/group_15/srv/detail/start_perception_test__functions.c.o[0m
[ 10%] Built target group_15__cpp
[ 10%] [32mBuilding C object CMakeFiles/group_15__rosidl_generator_c.dir/rosidl_generator_c/group_15/srv/detail/start_navigation_test__functions.c.o[0m
[ 12%] [34m[1mGenerating C++ type support dispatch for ROS interfaces[0m
[ 14%] [32m[1mLinking C shared library libgroup_15__rosidl_generator_c.so[0m
[ 17%] [34m[1mGenerating C++ introspection for ROS interfaces[0m
[ 19%] [34m[1mGenerating C++ type support for eProsima Fast-RTPS[0m
[ 21%] [32mBuilding CXX object CMakeFiles/group_15__rosidl_typesupport_cpp.dir/rosidl_typesupport_cpp/group_15/srv/start_manipulation_test__type_support.cpp.o[0m
[ 21%] Built target group_15__rosidl_generator_c
[ 23%] [34m[1mGenerating C type support for eProsima Fast-RTPS[0m
Traceback (most recent call last):
  File "/opt/ros/humble/lib/rosidl_typesupport_fastrtps_cpp/rosidl_typesupport_fastrtps_cpp", line 23, in <module>
gmake[2]: *** Deleting file 'rosidl_typesupport_introspection_cpp/group_15/srv/detail/start_manipulation_test__rosidl_typesupport_introspection_cpp.hpp'
    sys.exit(main())
  File "/opt/ros/humble/lib/rosidl_typesupport_fastrtps_cpp/rosidl_typesupport_fastrtps_cpp", line 19, in main
    generate_cpp(args.generator_arguments_file)
  File "/opt/ros/humble/local/lib/python3.10/dist-packages/rosidl_typesupport_fastrtps_cpp/__init__.py", line 24, in generate_cpp
    return generate_files(generator_arguments_file, mapping)
  File "/opt/ros/humble/local/lib/python3.10/dist-packages/rosidl_cmake/__init__.py", line 87, in generate_files
Traceback (most recent call last):
  File "/opt/ros/humble/lib/rosidl_typesupport_fastrtps_c/rosidl_typesupport_fastrtps_c", line 33, in <module>
    expand_template(
  File "/opt/ros/humble/local/lib/python3.10/dist-packages/rosidl_cmake/__init__.py", line 149, in expand_template
    sys.exit(main())
  File "/opt/ros/humble/lib/rosidl_typesupport_fastrtps_c/rosidl_typesupport_fastrtps_c", line 29, in main
    generate_typesupport_fastrtps_c(args.generator_arguments_file)
    interpreter.string(template_content, template_path, locals=data)
  File "/opt/ros/humble/local/lib/python3.10/dist-packages/rosidl_typesupport_fastrtps_c/__init__.py", line 24, in generate_typesupport_fastrtps_c
  File "/usr/lib/python3/dist-packages/em.py", line 2391, in string
    return generate_files(generator_arguments_file, mapping)
  File "/opt/ros/humble/local/lib/python3.10/dist-packages/rosidl_cmake/__init__.py", line 74, in generate_files
    idl_file = parse_idl_file(locator)
  File "/opt/ros/humble/local/lib/python3.10/dist-packages/rosidl_parser/parser.py", line 64, in parse_idl_file
    content = parse_idl_string(string, png_file=png_file)
  File "/opt/ros/humble/local/lib/python3.10/dist-packages/rosidl_parser/parser.py", line 72, in parse_idl_string
    tree = get_ast_from_idl_string(idl_string)
  File "/opt/ros/humble/local/lib/python3.10/dist-packages/rosidl_parser/parser.py", line 88, in get_ast_from_idl_string
    _parser = Lark(grammar, start='specification', maybe_placeholders=False)
  File "/usr/lib/python3/dist-packages/lark/lark.py", line 333, in __init__
Traceback (most recent call last):
  File "/opt/ros/humble/lib/rosidl_typesupport_introspection_cpp/rosidl_typesupport_introspection_cpp", line 31, in <module>
    sys.exit(main())
  File "/opt/ros/humble/lib/rosidl_typesupport_introspection_cpp/rosidl_typesupport_introspection_cpp", line 27, in main
    generate_cpp(args.generator_arguments_file)
  File "/opt/ros/humble/local/lib/python3.10/dist-packages/rosidl_typesupport_introspection_cpp/__init__.py", line 31, in generate_cpp
    return generate_files(generator_arguments_file, mapping)
  File "/opt/ros/humble/local/lib/python3.10/dist-packages/rosidl_cmake/__init__.py", line 87, in generate_files
    expand_template(
  File "/opt/ros/humble/local/lib/python3.10/dist-packages/rosidl_cmake/__init__.py", line 181, in expand_template
    with open(output_file, 'w', encoding='utf-8') as h:
KeyboardInterrupt
    self.grammar, used_files = load_grammar(grammar, self.source_path, self.options.import_paths, self.options.keep_all_tokens)
  File "/usr/lib/python3/dist-packages/lark/load_grammar.py", line 1408, in load_grammar
gmake[2]: *** [CMakeFiles/group_15__rosidl_typesupport_cpp.dir/build.make:94: CMakeFiles/group_15__rosidl_typesupport_cpp.dir/rosidl_typesupport_cpp/group_15/srv/start_manipulation_test__type_support.cpp.o] Interrupt
gmake[1]: *** [CMakeFiles/Makefile2:395: CMakeFiles/group_15__rosidl_typesupport_cpp.dir/all] Interrupt
    builder.load_grammar(grammar, source)
  File "/usr/lib/python3/dist-packages/lark/load_grammar.py", line 1233, in load_grammar
    tree = _parse_grammar(grammar_text, grammar_name)
  File "/usr/lib/python3/dist-packages/lark/load_grammar.py", line 961, in _parse_grammar
    tree = _get_parser().parse(text + '\n', start)
  File "/usr/lib/python3/dist-packages/lark/parser_frontends.py", line 99, in parse
    return self.parser.parse(stream, chosen_start, **kw)
  File "/usr/lib/python3/dist-packages/lark/parsers/lalr_parser.py", line 41, in parse
    return self.parser.parse(lexer, start)
  File "/usr/lib/python3/dist-packages/lark/parsers/lalr_parser.py", line 171, in parse
    return self.parse_from_state(parser_state)
  File "/usr/lib/python3/dist-packages/lark/parsers/lalr_parser.py", line 178, in parse_from_state
    for token in state.lexer.lex(state):
  File "/usr/lib/python3/dist-packages/lark/lexer.py", line 453, in lex
    yield self.next_token(state, parser_state)
  File "/usr/lib/python3/dist-packages/lark/lexer.py", line 471, in next_token
    line_ctr.feed(value, type_ in self.newline_types)
KeyboardInterrupt
gmake[2]: *** Deleting file 'rosidl_typesupport_fastrtps_cpp/group_15/srv/detail/dds_fastrtps/start_manipulation_test__type_support.cpp'
    self.safe(scanner, True, locals)
  File "/usr/lib/python3/dist-packages/em.py", line 2401, in safe
gmake[2]: *** [CMakeFiles/group_15__rosidl_typesupport_introspection_cpp.dir/build.make:84: rosidl_typesupport_introspection_cpp/group_15/srv/detail/start_manipulation_test__rosidl_typesupport_introspection_cpp.hpp] Interrupt
    self.parse(scanner, locals)
  File "/usr/lib/python3/dist-packages/em.py", line 2421, in parse
gmake[1]: *** [CMakeFiles/Makefile2:368: CMakeFiles/group_15__rosidl_typesupport_introspection_cpp.dir/all] Interrupt
    token.run(self, locals)
  File "/usr/lib/python3/dist-packages/em.py", line 1425, in run
    interpreter.execute(self.code, locals)
gmake[2]: *** [CMakeFiles/group_15__rosidl_typesupport_fastrtps_c.dir/build.make:84: rosidl_typesupport_fastrtps_c/group_15/srv/detail/start_manipulation_test__rosidl_typesupport_fastrtps_c.h] Interrupt
gmake[1]: *** [CMakeFiles/Makefile2:238: CMakeFiles/group_15__rosidl_typesupport_fastrtps_c.dir/all] Interrupt
  File "/usr/lib/python3/dist-packages/em.py", line 2596, in execute
    _exec(statements, self.globals, locals)
  File "<string>", line 17, in <module>
  File "/opt/ros/humble/local/lib/python3.10/dist-packages/rosidl_cmake/__init__.py", line 198, in _expand_template
    interpreter.string(content, str(template_path), kwargs)
  File "/usr/lib/python3/dist-packages/em.py", line 2391, in string
    self.safe(scanner, True, locals)
  File "/usr/lib/python3/dist-packages/em.py", line 2401, in safe
    self.parse(scanner, locals)
  File "/usr/lib/python3/dist-packages/em.py", line 2421, in parse
    token.run(self, locals)
  File "/usr/lib/python3/dist-packages/em.py", line 1425, in run
    interpreter.execute(self.code, locals)
  File "/usr/lib/python3/dist-packages/em.py", line 2596, in execute
    _exec(statements, self.globals, locals)
  File "<string>", line 2, in <module>
  File "/opt/ros/humble/local/lib/python3.10/dist-packages/rosidl_cmake/__init__.py", line 198, in _expand_template
    interpreter.string(content, str(template_path), kwargs)
  File "/usr/lib/python3/dist-packages/em.py", line 2391, in string
    self.safe(scanner, True, locals)
  File "/usr/lib/python3/dist-packages/em.py", line 2401, in safe
    self.parse(scanner, locals)
  File "/usr/lib/python3/dist-packages/em.py", line 2417, in parse
    token = scanner.one()
  File "/usr/lib/python3/dist-packages/em.py", line 1984, in one
    token.scan(self)
  File "/usr/lib/python3/dist-packages/em.py", line 1311, in scan
    q = scanner.next('$', 0, z, True)
  File "/usr/lib/python3/dist-packages/em.py", line 1817, in next
    while i < end:
KeyboardInterrupt
Exception ignored in: <function Interpreter.__del__ at 0x7f83e4186170>
Traceback (most recent call last):
  File "/usr/lib/python3/dist-packages/em.py", line 2094, in __del__
  File "/usr/lib/python3/dist-packages/em.py", line 2157, in shutdown
  File "/usr/lib/python3/dist-packages/em.py", line 2647, in finalize
  File "/usr/lib/python3/dist-packages/em.py", line 2200, in push
AttributeError: '_io.TextIOWrapper' object has no attribute 'push'
gmake[2]: *** [CMakeFiles/group_15__rosidl_typesupport_fastrtps_cpp.dir/build.make:84: rosidl_typesupport_fastrtps_cpp/group_15/srv/detail/dds_fastrtps/start_manipulation_test__type_support.cpp] Interrupt
gmake[1]: *** [CMakeFiles/Makefile2:342: CMakeFiles/group_15__rosidl_typesupport_fastrtps_cpp.dir/all] Interrupt
gmake: *** [Makefile:146: all] Interrupt
